0 verbose cli C:\Program Files\nodejs\node.exe C:\Users\JuanR\AppData\Roaming\npm\node_modules\npm\bin\npm-cli.js
1 info using npm@10.7.0
2 info using node@v21.5.0
3 silly config:load:file:C:\Users\JuanR\AppData\Roaming\npm\node_modules\npm\npmrc
4 silly config:load:file:C:\Users\JuanR\Downloads\Common-League-Prod\.npmrc
5 silly config:load:file:C:\Users\JuanR\.npmrc
6 silly config:load:file:C:\Users\JuanR\AppData\Roaming\npm\etc\npmrc
7 verbose title npm ci
8 verbose argv "ci"
9 verbose logfile logs-max:10 dir:C:\Users\JuanR\Downloads\Common-League-Prod\UsersJuanRAppDataRoamingnpm-cache\_logs\2024-09-25T14_34_55_654Z-
10 verbose logfile C:\Users\JuanR\Downloads\Common-League-Prod\UsersJuanRAppDataRoamingnpm-cache\_logs\2024-09-25T14_34_55_654Z-debug-0.log
11 silly logfile start cleaning logs, removing 2 files
12 silly logfile done cleaning log files
13 silly idealTree buildDeps
14 verbose stack Error: EBUSY: resource busy or locked, unlink 'C:\Users\JuanR\Downloads\Common-League-Prod\node_modules\.vite\deps\chunk-3GS3N7PG.js.map'
15 verbose cwd C:\Users\JuanR\Downloads\Common-League-Prod
16 verbose Windows_NT 10.0.19045
17 verbose node v21.5.0
18 verbose npm  v10.7.0
19 error code EBUSY
20 error syscall unlink
21 error path C:\Users\JuanR\Downloads\Common-League-Prod\node_modules\.vite\deps\chunk-3GS3N7PG.js.map
22 error errno -4082
23 error EBUSY: resource busy or locked, unlink 'C:\Users\JuanR\Downloads\Common-League-Prod\node_modules\.vite\deps\chunk-3GS3N7PG.js.map'
24 verbose exit -4082
25 verbose code -4082
26 error A complete log of this run can be found in: C:\Users\JuanR\Downloads\Common-League-Prod\UsersJuanRAppDataRoamingnpm-cache\_logs\2024-09-25T14_34_55_654Z-debug-0.log
