0 verbose cli C:\Program Files\nodejs\node.exe C:\Users\JuanR\AppData\Roaming\npm\node_modules\npm\bin\npm-cli.js
1 info using npm@10.7.0
2 info using node@v21.5.0
3 silly config:load:file:C:\Users\JuanR\AppData\Roaming\npm\node_modules\npm\npmrc
4 silly config:load:file:C:\Users\JuanR\Downloads\Common-League-16f2336508bf29e28351de10a55e68d0318b74e0\Common-League-16f2336508bf29e28351de10a55e68d0318b74e0\.npmrc
5 silly config:load:file:C:\Users\JuanR\.npmrc
6 silly config:load:file:C:\Users\JuanR\AppData\Roaming\npm\etc\npmrc
7 verbose title npm install @mui/icons-material
8 verbose argv "install" "@mui/icons-material"
9 verbose logfile logs-max:10 dir:C:\Users\JuanR\Downloads\Common-League-16f2336508bf29e28351de10a55e68d0318b74e0\Common-League-16f2336508bf29e28351de10a55e68d0318b74e0\UsersJuanRAppDataRoamingnpm-cache\_logs\2024-09-25T13_41_56_879Z-
10 verbose logfile C:\Users\JuanR\Downloads\Common-League-16f2336508bf29e28351de10a55e68d0318b74e0\Common-League-16f2336508bf29e28351de10a55e68d0318b74e0\UsersJuanRAppDataRoamingnpm-cache\_logs\2024-09-25T13_41_56_879Z-debug-0.log
11 silly logfile start cleaning logs, removing 2 files
12 silly logfile done cleaning log files
13 silly idealTree buildDeps
14 silly fetch manifest @mui/icons-material@*
15 http fetch GET 200 https://registry.npmjs.org/@mui%2ficons-material 285ms (cache miss)
16 silly fetch manifest @mui/material@^6.1.1
17 http fetch GET 200 https://registry.npmjs.org/@mui%2fmaterial 104ms (cache miss)
18 silly fetch manifest @emotion/react@^11.5.0
19 http fetch GET 200 https://registry.npmjs.org/@emotion%2freact 105ms (cache updated)
20 silly fetch manifest react@^18.2.0
21 http fetch GET 200 https://registry.npmjs.org/react 230ms (cache updated)
22 silly fetch manifest @emotion/styled@^11.11.5
23 http fetch GET 200 https://registry.npmjs.org/@emotion%2fstyled 479ms (cache updated)
24 silly fetch manifest @mui/material-pigment-css@^6.1.1
25 http fetch GET 200 https://registry.npmjs.org/@mui%2fmaterial-pigment-css 289ms (cache miss)
26 silly fetch manifest @types/react@^18.2.66
27 http fetch GET 200 https://registry.npmjs.org/@types%2freact 180ms (cache updated)
28 silly fetch manifest react-dom@^18.2.0
29 http fetch GET 200 https://registry.npmjs.org/react-dom 312ms (cache updated)
30 silly placeDep ROOT @mui/icons-material@6.1.1 OK for: commom-league@0.0.0 want: *
31 silly placeDep ROOT @mui/material@6.1.1 OK for: @mui/icons-material@6.1.1 want: ^6.1.1
32 silly fetch manifest @babel/runtime@^7.25.6
33 silly fetch manifest clsx@^2.1.1
34 silly fetch manifest react-is@^18.3.1
35 silly fetch manifest @mui/types@^7.2.17
36 silly fetch manifest @mui/utils@^6.1.1
37 silly fetch manifest @mui/system@^6.1.1
38 http fetch GET 200 https://registry.npmjs.org/@mui%2futils 403ms (cache miss)
39 silly fetch manifest @popperjs/core@^2.11.8
40 http fetch GET 200 https://registry.npmjs.org/@mui%2ftypes 424ms (cache miss)
41 silly fetch manifest react-transition-group@^4.4.5
42 http fetch GET 200 https://registry.npmjs.org/@mui%2fsystem 428ms (cache miss)
43 silly fetch manifest @mui/core-downloads-tracker@^6.1.1
44 http fetch GET 200 https://registry.npmjs.org/react-transition-group 95ms (cache miss)
45 silly fetch manifest @types/react-transition-group@^4.4.11
46 http fetch GET 200 https://registry.npmjs.org/@popperjs%2fcore 179ms (cache miss)
47 http fetch GET 200 https://registry.npmjs.org/@types%2freact-transition-group 101ms (cache miss)
48 http fetch GET 200 https://registry.npmjs.org/@mui%2fcore-downloads-tracker 189ms (cache miss)
49 http fetch GET 200 https://registry.npmjs.org/@babel%2fruntime 671ms (cache updated)
50 http fetch GET 200 https://registry.npmjs.org/clsx 720ms (cache miss)
51 http fetch GET 200 https://registry.npmjs.org/react-is 748ms (cache updated)
52 silly placeDep ROOT @babel/runtime@7.25.6 REPLACE for: @mui/icons-material@6.1.1 want: ^7.25.6
53 silly fetch manifest @types/react@^17.0.0 || ^18.0.0 || ^19.0.0
54 silly fetch manifest react@^17.0.0 || ^18.0.0 || ^19.0.0
55 silly fetch manifest @emotion/styled@^11.3.0
56 silly fetch manifest react-dom@^17.0.0 || ^18.0.0 || ^19.0.0
57 silly placeDep ROOT @mui/core-downloads-tracker@6.1.1 OK for: @mui/material@6.1.1 want: ^6.1.1
58 silly placeDep ROOT @mui/system@6.1.1 OK for: @mui/material@6.1.1 want: ^6.1.1
59 silly placeDep ROOT @mui/types@7.2.17 OK for: @mui/material@6.1.1 want: ^7.2.17
60 silly placeDep ROOT @mui/utils@6.1.1 OK for: @mui/material@6.1.1 want: ^6.1.1
61 silly placeDep ROOT @popperjs/core@2.11.8 OK for: @mui/material@6.1.1 want: ^2.11.8
62 silly placeDep ROOT @types/react-transition-group@4.4.11 OK for: @mui/material@6.1.1 want: ^4.4.11
63 silly placeDep ROOT clsx@2.1.1 OK for: @mui/material@6.1.1 want: ^2.1.1
64 silly placeDep node_modules/@mui/material react-is@18.3.1 OK for: @mui/material@6.1.1 want: ^18.3.1
65 silly placeDep ROOT react-transition-group@4.4.5 OK for: @mui/material@6.1.1 want: ^4.4.5
66 silly fetch manifest @mui/styled-engine@^6.1.1
67 silly fetch manifest @mui/private-theming@^6.1.1
68 silly fetch manifest dom-helpers@^5.0.1
69 http fetch GET 200 https://registry.npmjs.org/dom-helpers 42ms (cache miss)
70 http fetch GET 200 https://registry.npmjs.org/@mui%2fprivate-theming 106ms (cache miss)
71 http fetch GET 200 https://registry.npmjs.org/@mui%2fstyled-engine 116ms (cache miss)
72 silly placeDep ROOT @mui/private-theming@6.1.1 OK for: @mui/system@6.1.1 want: ^6.1.1
73 silly placeDep ROOT @mui/styled-engine@6.1.1 OK for: @mui/system@6.1.1 want: ^6.1.1
74 silly fetch manifest @emotion/cache@^11.13.1
75 silly fetch manifest @emotion/sheet@^1.4.0
76 http fetch GET 200 https://registry.npmjs.org/@emotion%2fsheet 124ms (cache updated)
77 http fetch GET 200 https://registry.npmjs.org/@emotion%2fcache 166ms (cache updated)
78 silly placeDep ROOT @emotion/cache@11.13.1 REPLACE for: @mui/styled-engine@6.1.1 want: ^11.13.1
79 silly placeDep ROOT @emotion/sheet@1.4.0 OK for: @mui/styled-engine@6.1.1 want: ^1.4.0
80 silly fetch manifest @emotion/memoize@^0.9.0
81 silly fetch manifest @emotion/utils@^1.4.0
82 silly fetch manifest @emotion/weak-memoize@^0.4.0
83 http fetch GET 200 https://registry.npmjs.org/@emotion%2fmemoize 78ms (cache updated)
84 http fetch GET 200 https://registry.npmjs.org/@emotion%2futils 110ms (cache updated)
85 http fetch GET 200 https://registry.npmjs.org/@emotion%2fweak-memoize 115ms (cache updated)
86 silly placeDep node_modules/@emotion/cache @emotion/memoize@0.9.0 OK for: @emotion/cache@11.13.1 want: ^0.9.0
87 silly placeDep ROOT @emotion/utils@1.4.1 REPLACE for: @emotion/cache@11.13.1 want: ^1.4.0
88 silly placeDep node_modules/@emotion/cache @emotion/weak-memoize@0.4.0 OK for: @emotion/cache@11.13.1 want: ^0.4.0
89 silly placeDep node_modules/@mui/utils react-is@18.3.1 OK for: @mui/utils@6.1.1 want: ^18.3.1
90 silly placeDep ROOT dom-helpers@5.2.1 OK for: react-transition-group@4.4.5 want: ^5.0.1
91 silly reify mark retired [
91 silly reify   'C:\\Users\\JuanR\\Downloads\\Common-League-16f2336508bf29e28351de10a55e68d0318b74e0\\Common-League-16f2336508bf29e28351de10a55e68d0318b74e0\\node_modules\\@babel\\runtime'
91 silly reify ]
92 silly reify mark retired [
92 silly reify   'C:\\Users\\JuanR\\Downloads\\Common-League-16f2336508bf29e28351de10a55e68d0318b74e0\\Common-League-16f2336508bf29e28351de10a55e68d0318b74e0\\node_modules\\@emotion\\cache'
92 silly reify ]
93 silly reify mark retired [
93 silly reify   'C:\\Users\\JuanR\\Downloads\\Common-League-16f2336508bf29e28351de10a55e68d0318b74e0\\Common-League-16f2336508bf29e28351de10a55e68d0318b74e0\\node_modules\\@emotion\\sheet'
93 silly reify ]
94 silly reify mark retired [
94 silly reify   'C:\\Users\\JuanR\\Downloads\\Common-League-16f2336508bf29e28351de10a55e68d0318b74e0\\Common-League-16f2336508bf29e28351de10a55e68d0318b74e0\\node_modules\\@emotion\\utils'
94 silly reify ]
95 silly reify moves {
95 silly reify   'C:\\Users\\JuanR\\Downloads\\Common-League-16f2336508bf29e28351de10a55e68d0318b74e0\\Common-League-16f2336508bf29e28351de10a55e68d0318b74e0\\node_modules\\@babel\\runtime': 'C:\\Users\\JuanR\\Downloads\\Common-League-16f2336508bf29e28351de10a55e68d0318b74e0\\Common-League-16f2336508bf29e28351de10a55e68d0318b74e0\\node_modules\\@babel\\.runtime-jx6ROpu4',
95 silly reify   'C:\\Users\\JuanR\\Downloads\\Common-League-16f2336508bf29e28351de10a55e68d0318b74e0\\Common-League-16f2336508bf29e28351de10a55e68d0318b74e0\\node_modules\\@emotion\\cache': 'C:\\Users\\JuanR\\Downloads\\Common-League-16f2336508bf29e28351de10a55e68d0318b74e0\\Common-League-16f2336508bf29e28351de10a55e68d0318b74e0\\node_modules\\@emotion\\.cache-FsLwEJGl',
95 silly reify   'C:\\Users\\JuanR\\Downloads\\Common-League-16f2336508bf29e28351de10a55e68d0318b74e0\\Common-League-16f2336508bf29e28351de10a55e68d0318b74e0\\node_modules\\@emotion\\sheet': 'C:\\Users\\JuanR\\Downloads\\Common-League-16f2336508bf29e28351de10a55e68d0318b74e0\\Common-League-16f2336508bf29e28351de10a55e68d0318b74e0\\node_modules\\@emotion\\.sheet-OicHKsCU',
95 silly reify   'C:\\Users\\JuanR\\Downloads\\Common-League-16f2336508bf29e28351de10a55e68d0318b74e0\\Common-League-16f2336508bf29e28351de10a55e68d0318b74e0\\node_modules\\@emotion\\utils': 'C:\\Users\\JuanR\\Downloads\\Common-League-16f2336508bf29e28351de10a55e68d0318b74e0\\Common-League-16f2336508bf29e28351de10a55e68d0318b74e0\\node_modules\\@emotion\\.utils-Oof7lPeT'
95 silly reify }
96 silly audit bulk request {
96 silly audit   '@ampproject/remapping': [ '2.3.0' ],
96 silly audit   '@babel/code-frame': [ '7.24.2' ],
96 silly audit   '@babel/compat-data': [ '7.24.4' ],
96 silly audit   '@babel/core': [ '7.24.5' ],
96 silly audit   '@babel/generator': [ '7.24.5' ],
96 silly audit   '@babel/helper-compilation-targets': [ '7.23.6' ],
96 silly audit   '@babel/helper-environment-visitor': [ '7.22.20' ],
96 silly audit   '@babel/helper-function-name': [ '7.23.0' ],
96 silly audit   '@babel/helper-hoist-variables': [ '7.22.5' ],
96 silly audit   '@babel/helper-module-imports': [ '7.24.3' ],
96 silly audit   '@babel/helper-module-transforms': [ '7.24.5' ],
96 silly audit   '@babel/helper-plugin-utils': [ '7.24.5' ],
96 silly audit   '@babel/helper-simple-access': [ '7.24.5' ],
96 silly audit   '@babel/helper-split-export-declaration': [ '7.24.5' ],
96 silly audit   '@babel/helper-string-parser': [ '7.24.1' ],
96 silly audit   '@babel/helper-validator-identifier': [ '7.24.5' ],
96 silly audit   '@babel/helper-validator-option': [ '7.23.5' ],
96 silly audit   '@babel/helpers': [ '7.24.5' ],
96 silly audit   '@babel/highlight': [ '7.24.5' ],
96 silly audit   '@babel/parser': [ '7.24.5' ],
96 silly audit   '@babel/plugin-transform-react-jsx-self': [ '7.24.5' ],
96 silly audit   '@babel/plugin-transform-react-jsx-source': [ '7.24.1' ],
96 silly audit   '@babel/template': [ '7.24.0' ],
96 silly audit   '@babel/traverse': [ '7.24.5' ],
96 silly audit   '@babel/types': [ '7.24.5' ],
96 silly audit   '@emotion/babel-plugin': [ '11.11.0' ],
96 silly audit   'convert-source-map': [ '1.9.0', '2.0.0' ],
96 silly audit   'escape-string-regexp': [ '4.0.0', '1.0.5' ],
96 silly audit   stylis: [ '4.2.0', '4.3.2' ],
96 silly audit   '@emotion/hash': [ '0.9.1' ],
96 silly audit   '@emotion/is-prop-valid': [ '1.2.2' ],
96 silly audit   '@emotion/memoize': [ '0.8.1', '0.9.0' ],
96 silly audit   '@emotion/react': [ '11.11.4' ],
96 silly audit   '@emotion/serialize': [ '1.1.4' ],
96 silly audit   '@emotion/styled': [ '11.11.5' ],
96 silly audit   '@emotion/unitless': [ '0.8.1' ],
96 silly audit   '@emotion/use-insertion-effect-with-fallbacks': [ '1.0.1' ],
96 silly audit   '@emotion/weak-memoize': [ '0.3.1', '0.4.0' ],
96 silly audit   '@esbuild/aix-ppc64': [ '0.20.2' ],
96 silly audit   '@esbuild/android-arm': [ '0.20.2' ],
96 silly audit   '@esbuild/android-arm64': [ '0.20.2' ],
96 silly audit   '@esbuild/android-x64': [ '0.20.2' ],
96 silly audit   '@esbuild/darwin-arm64': [ '0.20.2' ],
96 silly audit   '@esbuild/darwin-x64': [ '0.20.2' ],
96 silly audit   '@esbuild/freebsd-arm64': [ '0.20.2' ],
96 silly audit   '@esbuild/freebsd-x64': [ '0.20.2' ],
96 silly audit   '@esbuild/linux-arm': [ '0.20.2' ],
96 silly audit   '@esbuild/linux-arm64': [ '0.20.2' ],
96 silly audit   '@esbuild/linux-ia32': [ '0.20.2' ],
96 silly audit   '@esbuild/linux-loong64': [ '0.20.2' ],
96 silly audit   '@esbuild/linux-mips64el': [ '0.20.2' ],
96 silly audit   '@esbuild/linux-ppc64': [ '0.20.2' ],
96 silly audit   '@esbuild/linux-riscv64': [ '0.20.2' ],
96 silly audit   '@esbuild/linux-s390x': [ '0.20.2' ],
96 silly audit   '@esbuild/linux-x64': [ '0.20.2' ],
96 silly audit   '@esbuild/netbsd-x64': [ '0.20.2' ],
96 silly audit   '@esbuild/openbsd-x64': [ '0.20.2' ],
96 silly audit   '@esbuild/sunos-x64': [ '0.20.2' ],
96 silly audit   '@esbuild/win32-arm64': [ '0.20.2' ],
96 silly audit   '@esbuild/win32-ia32': [ '0.20.2' ],
96 silly audit   '@esbuild/win32-x64': [ '0.20.2' ],
96 silly audit   '@eslint-community/eslint-utils': [ '4.4.0' ],
96 silly audit   '@eslint-community/regexpp': [ '4.10.0' ],
96 silly audit   '@eslint/eslintrc': [ '2.1.4' ],
96 silly audit   globals: [ '13.24.0', '11.12.0' ],
96 silly audit   '@eslint/js': [ '8.57.0' ],
96 silly audit   '@humanwhocodes/config-array': [ '0.11.14' ],
96 silly audit   '@humanwhocodes/module-importer': [ '1.0.1' ],
96 silly audit   '@humanwhocodes/object-schema': [ '2.0.3' ],
96 silly audit   '@jridgewell/gen-mapping': [ '0.3.5' ],
96 silly audit   '@jridgewell/resolve-uri': [ '3.1.2' ],
96 silly audit   '@jridgewell/set-array': [ '1.2.1' ],
96 silly audit   '@jridgewell/sourcemap-codec': [ '1.4.15' ],
96 silly audit   '@jridgewell/trace-mapping': [ '0.3.25' ],
96 silly audit   '@nodelib/fs.scandir': [ '2.1.5' ],
96 silly audit   '@nodelib/fs.stat': [ '2.0.5' ],
96 silly audit   '@nodelib/fs.walk': [ '1.2.8' ],
96 silly audit   '@remix-run/router': [ '1.16.1' ],
96 silly audit   '@rollup/pluginutils': [ '4.2.1' ],
96 silly audit   '@rollup/rollup-android-arm-eabi': [ '4.17.2' ],
96 silly audit   '@rollup/rollup-android-arm64': [ '4.17.2' ],
96 silly audit   '@rollup/rollup-darwin-arm64': [ '4.17.2' ],
96 silly audit   '@rollup/rollup-darwin-x64': [ '4.17.2' ],
96 silly audit   '@rollup/rollup-linux-arm-gnueabihf': [ '4.17.2' ],
96 silly audit   '@rollup/rollup-linux-arm-musleabihf': [ '4.17.2' ],
96 silly audit   '@rollup/rollup-linux-arm64-gnu': [ '4.17.2' ],
96 silly audit   '@rollup/rollup-linux-arm64-musl': [ '4.17.2' ],
96 silly audit   '@rollup/rollup-linux-powerpc64le-gnu': [ '4.17.2' ],
96 silly audit   '@rollup/rollup-linux-riscv64-gnu': [ '4.17.2' ],
96 silly audit   '@rollup/rollup-linux-s390x-gnu': [ '4.17.2' ],
96 silly audit   '@rollup/rollup-linux-x64-gnu': [ '4.17.2' ],
96 silly audit   '@rollup/rollup-linux-x64-musl': [ '4.17.2' ],
96 silly audit   '@rollup/rollup-win32-arm64-msvc': [ '4.17.2' ],
96 silly audit   '@rollup/rollup-win32-ia32-msvc': [ '4.17.2' ],
96 silly audit   '@rollup/rollup-win32-x64-msvc': [ '4.17.2' ],
96 silly audit   '@tanstack/query-core': [ '5.36.1' ],
96 silly audit   '@tanstack/react-query': [ '5.37.1' ],
96 silly audit   '@types/babel__core': [ '7.20.5' ],
96 silly audit   '@types/babel__generator': [ '7.6.8' ],
96 silly audit   '@types/babel__template': [ '7.4.4' ],
96 silly audit   '@types/babel__traverse': [ '7.20.5' ],
96 silly audit   '@types/estree': [ '1.0.5' ],
96 silly audit   '@types/hoist-non-react-statics': [ '3.3.5' ],
96 silly audit   '@types/parse-json': [ '4.0.2' ],
96 silly audit   '@types/prop-types': [ '15.7.12' ],
96 silly audit   '@types/react': [ '18.3.2' ],
96 silly audit   '@types/react-dom': [ '18.3.0' ],
96 silly audit   '@types/stylis': [ '4.2.5' ],
96 silly audit   '@ungap/structured-clone': [ '1.2.0' ],
96 silly audit   '@vitejs/plugin-react': [ '4.2.1' ],
96 silly audit   '@vitejs/plugin-react-refresh': [ '1.3.6' ],
96 silly audit   'react-refresh': [ '0.10.0', '0.14.2' ],
96 silly audit   acorn: [ '8.11.3' ],
96 silly audit   'acorn-jsx': [ '5.3.2' ],
96 silly audit   ajv: [ '6.12.6' ],
96 silly audit   'ansi-regex': [ '5.0.1' ],
96 silly audit   'ansi-styles': [ '3.2.1', '4.3.0' ],
96 silly audit   argparse: [ '2.0.1' ],
96 silly audit   'array-buffer-byte-length': [ '1.0.1' ],
96 silly audit   'array-includes': [ '3.1.8' ],
96 silly audit   'array.prototype.findlast': [ '1.2.5' ],
96 silly audit   'array.prototype.flat': [ '1.3.2' ],
96 silly audit   'array.prototype.flatmap': [ '1.3.2' ],
96 silly audit   'array.prototype.toreversed': [ '1.1.2' ],
96 silly audit   'array.prototype.tosorted': [ '1.1.3' ],
96 silly audit   'arraybuffer.prototype.slice': [ '1.0.3' ],
96 silly audit   asynckit: [ '0.4.0' ],
96 silly audit   'available-typed-arrays': [ '1.0.7' ],
96 silly audit   axios: [ '1.6.8' ],
96 silly audit   'babel-plugin-macros': [ '3.1.0' ],
96 silly audit   resolve: [ '1.22.8', '2.0.0-next.5' ],
96 silly audit   'balanced-match': [ '1.0.2' ],
96 silly audit   'brace-expansion': [ '1.1.11' ],
96 silly audit   browserslist: [ '4.23.0' ],
96 silly audit   'call-bind': [ '1.0.7' ],
96 silly audit   callsites: [ '3.1.0' ],
96 silly audit   camelize: [ '1.0.1' ],
96 silly audit   'caniuse-lite': [ '1.0.30001617' ],
96 silly audit   chalk: [ '2.4.2', '4.1.2' ],
96 silly audit   'color-convert': [ '1.9.3', '2.0.1' ],
96 silly audit   'color-name': [ '1.1.3', '1.1.4' ],
96 silly audit   'combined-stream': [ '1.0.8' ],
96 silly audit   'concat-map': [ '0.0.1' ],
96 silly audit   cors: [ '2.8.5' ],
96 silly audit   cosmiconfig: [ '7.1.0' ],
96 silly audit   'cross-spawn': [ '7.0.3' ],
96 silly audit   'css-color-keywords': [ '1.0.0' ],
96 silly audit   'css-to-react-native': [ '3.2.0' ],
96 silly audit   csstype: [ '3.1.3' ],
96 silly audit   'data-view-buffer': [ '1.0.1' ],
96 silly audit   'data-view-byte-length': [ '1.0.1' ],
96 silly audit   'data-view-byte-offset': [ '1.0.0' ],
96 silly audit   debug: [ '4.3.4' ],
96 silly audit   'deep-is': [ '0.1.4' ],
96 silly audit   deepmerge: [ '2.2.1' ],
96 silly audit   'define-data-property': [ '1.1.4' ],
96 silly audit   'define-properties': [ '1.2.1' ],
96 silly audit   'delayed-stream': [ '1.0.0' ],
96 silly audit   doctrine: [ '3.0.0', '2.1.0' ],
96 silly audit   'electron-to-chromium': [ '1.4.763' ],
96 silly audit   'error-ex': [ '1.3.2' ],
96 silly audit   'es-abstract': [ '1.23.3' ],
96 silly audit   'es-define-property': [ '1.0.0' ],
96 silly audit   'es-errors': [ '1.3.0' ],
96 silly audit   'es-iterator-helpers': [ '1.0.19' ],
96 silly audit   'es-object-atoms': [ '1.0.0' ],
96 silly audit   'es-set-tostringtag': [ '2.0.3' ],
96 silly audit   'es-shim-unscopables': [ '1.0.2' ],
96 silly audit   'es-to-primitive': [ '1.2.1' ],
96 silly audit   esbuild: [ '0.20.2' ],
96 silly audit   escalade: [ '3.1.2' ],
96 silly audit   eslint: [ '8.57.0' ],
96 silly audit   'eslint-plugin-react': [ '7.34.1' ],
96 silly audit   'eslint-plugin-react-hooks': [ '4.6.2' ],
96 silly audit   'eslint-plugin-react-refresh': [ '0.4.7' ],
96 silly audit   'eslint-scope': [ '7.2.2' ],
96 silly audit   'eslint-visitor-keys': [ '3.4.3' ],
96 silly audit   'has-flag': [ '4.0.0', '3.0.0' ],
96 silly audit   'supports-color': [ '7.2.0', '5.5.0' ],
96 silly audit   espree: [ '9.6.1' ],
96 silly audit   esquery: [ '1.5.0' ],
96 silly audit   esrecurse: [ '4.3.0' ],
96 silly audit   estraverse: [ '5.3.0' ],
96 silly audit   'estree-walker': [ '2.0.2' ],
96 silly audit   esutils: [ '2.0.3' ],
96 silly audit   exenv: [ '1.2.2' ],
96 silly audit   'fast-deep-equal': [ '3.1.3' ],
96 silly audit   'fast-json-stable-stringify': [ '2.1.0' ],
96 silly audit   'fast-levenshtein': [ '2.0.6' ],
96 silly audit   fastq: [ '1.17.1' ],
96 silly audit   'file-entry-cache': [ '6.0.1' ],
96 silly audit   'find-root': [ '1.1.0' ],
96 silly audit   'find-up': [ '5.0.0' ],
96 silly audit   'flat-cache': [ '3.2.0' ],
96 silly audit   flatted: [ '3.3.1' ],
96 silly audit   'follow-redirects': [ '1.15.6' ],
96 silly audit   'for-each': [ '0.3.3' ],
96 silly audit   'form-data': [ '4.0.0' ],
96 silly audit   formik: [ '2.4.6' ],
96 silly audit   'fs.realpath': [ '1.0.0' ],
96 silly audit   fsevents: [ '2.3.3' ],
96 silly audit   'function-bind': [ '1.1.2' ],
96 silly audit   'function.prototype.name': [ '1.1.6' ],
96 silly audit   'functions-have-names': [ '1.2.3' ],
96 silly audit   gensync: [ '1.0.0-beta.2' ],
96 silly audit   'get-intrinsic': [ '1.2.4' ],
96 silly audit   'get-symbol-description': [ '1.0.2' ],
96 silly audit   glob: [ '7.2.3' ],
96 silly audit   'glob-parent': [ '6.0.2' ],
96 silly audit   globalthis: [ '1.0.4' ],
96 silly audit   gopd: [ '1.0.1' ],
96 silly audit   graphemer: [ '1.4.0' ],
96 silly audit   'has-bigints': [ '1.0.2' ],
96 silly audit   'has-property-descriptors': [ '1.0.2' ],
96 silly audit   'has-proto': [ '1.0.3' ],
96 silly audit   'has-symbols': [ '1.0.3' ],
96 silly audit   'has-tostringtag': [ '1.0.2' ],
96 silly audit   hasown: [ '2.0.2' ],
96 silly audit   'hoist-non-react-statics': [ '3.3.2' ],
96 silly audit   'html-parse-stringify': [ '3.0.1' ],
96 silly audit   i18next: [ '23.11.5' ],
96 silly audit   'i18next-browser-languagedetector': [ '8.0.0' ],
96 silly audit   ignore: [ '5.3.1' ],
96 silly audit   immediate: [ '3.0.6' ],
96 silly audit   'import-fresh': [ '3.3.0' ],
96 silly audit   imurmurhash: [ '0.1.4' ],
96 silly audit   inflight: [ '1.0.6' ],
96 silly audit   inherits: [ '2.0.4' ],
96 silly audit   'internal-slot': [ '1.0.7' ],
96 silly audit   invariant: [ '2.2.4' ],
96 silly audit   'is-array-buffer': [ '3.0.4' ],
96 silly audit   'is-arrayish': [ '0.2.1' ],
96 silly audit   'is-async-function': [ '2.0.0' ],
96 silly audit   'is-bigint': [ '1.0.4' ],
96 silly audit   'is-boolean-object': [ '1.1.2' ],
96 silly audit   'is-callable': [ '1.2.7' ],
96 silly audit   'is-core-module': [ '2.13.1' ],
96 silly audit   'is-data-view': [ '1.0.1' ],
96 silly audit   'is-date-object': [ '1.0.5' ],
96 silly audit   'is-extglob': [ '2.1.1' ],
96 silly audit   'is-finalizationregistry': [ '1.0.2' ],
96 silly audit   'is-generator-function': [ '1.0.10' ],
96 silly audit   'is-glob': [ '4.0.3' ],
96 silly audit   'is-map': [ '2.0.3' ],
96 silly audit   'is-negative-zero': [ '2.0.3' ],
96 silly audit   'is-number-object': [ '1.0.7' ],
96 silly audit   'is-path-inside': [ '3.0.3' ],
96 silly audit   'is-regex': [ '1.1.4' ],
96 silly audit   'is-set': [ '2.0.3' ],
96 silly audit   'is-shared-array-buffer': [ '1.0.3' ],
96 silly audit   'is-string': [ '1.0.7' ],
96 silly audit   'is-symbol': [ '1.0.4' ],
96 silly audit   'is-typed-array': [ '1.1.13' ],
96 silly audit   'is-weakmap': [ '2.0.2' ],
96 silly audit   'is-weakref': [ '1.0.2' ],
96 silly audit   'is-weakset': [ '2.0.3' ],
96 silly audit   isarray: [ '2.0.5' ],
96 silly audit   isexe: [ '2.0.0' ],
96 silly audit   'iterator.prototype': [ '1.1.2' ],
96 silly audit   'js-tokens': [ '4.0.0' ],
96 silly audit   'js-yaml': [ '4.1.0' ],
96 silly audit   jsesc: [ '2.5.2' ],
96 silly audit   'json-buffer': [ '3.0.1' ],
96 silly audit   'json-parse-even-better-errors': [ '2.3.1' ],
96 silly audit   'json-schema-traverse': [ '0.4.1' ],
96 silly audit   'json-stable-stringify-without-jsonify': [ '1.0.1' ],
96 silly audit   json5: [ '2.2.3' ],
96 silly audit   'jsx-ast-utils': [ '3.3.5' ],
96 silly audit   keyv: [ '4.5.4' ],
96 silly audit   levn: [ '0.4.1' ],
96 silly audit   lie: [ '3.1.1' ],
96 silly audit   'lines-and-columns': [ '1.2.4' ],
96 silly audit   localforage: [ '1.10.0' ],
96 silly audit   'locate-path': [ '6.0.0' ],
96 silly audit   lodash: [ '4.17.21' ],
96 silly audit   'lodash-es': [ '4.17.21' ],
96 silly audit   'lodash.merge': [ '4.6.2' ],
96 silly audit   'loose-envify': [ '1.4.0' ],
96 silly audit   'lru-cache': [ '5.1.1' ],
96 silly audit   'match-sorter': [ '6.3.4' ],
96 silly audit   'mime-db': [ '1.52.0' ],
96 silly audit   'mime-types': [ '2.1.35' ],
96 silly audit   minimatch: [ '3.1.2' ],
96 silly audit   ms: [ '2.1.2' ],
96 silly audit   nanoid: [ '3.3.7' ],
96 silly audit   'natural-compare': [ '1.4.0' ],
96 silly audit   'node-releases': [ '2.0.14' ],
96 silly audit   'object-assign': [ '4.1.1' ],
96 silly audit   'object-inspect': [ '1.13.1' ],
96 silly audit   'object-keys': [ '1.1.1' ],
96 silly audit   'object-path': [ '0.6.0' ],
96 silly audit   'object.assign': [ '4.1.5' ],
96 silly audit   'object.entries': [ '1.1.8' ],
96 silly audit   'object.fromentries': [ '2.0.8' ],
96 silly audit   'object.hasown': [ '1.1.4' ],
96 silly audit   'object.values': [ '1.2.0' ],
96 silly audit   once: [ '1.4.0' ],
96 silly audit   optionator: [ '0.9.4' ],
96 silly audit   'p-limit': [ '3.1.0' ],
96 silly audit   'p-locate': [ '5.0.0' ],
96 silly audit   'parent-module': [ '1.0.1' ],
96 silly audit   'parse-json': [ '5.2.0' ],
96 silly audit   'path-exists': [ '4.0.0' ],
96 silly audit   'path-is-absolute': [ '1.0.1' ],
96 silly audit   'path-key': [ '3.1.1' ],
96 silly audit   'path-parse': [ '1.0.7' ],
96 silly audit   'path-type': [ '4.0.0' ],
96 silly audit   picocolors: [ '1.0.0' ],
96 silly audit   picomatch: [ '2.3.1' ],
96 silly audit   'possible-typed-array-names': [ '1.0.0' ],
96 silly audit   postcss: [ '8.4.38' ],
96 silly audit   'postcss-value-parser': [ '4.2.0' ],
96 silly audit   'prelude-ls': [ '1.2.1' ],
96 silly audit   'prop-types': [ '15.8.1' ],
96 silly audit   'property-expr': [ '2.0.6' ],
96 silly audit   'proxy-from-env': [ '1.1.0' ],
96 silly audit   punycode: [ '2.3.1' ],
96 silly audit   'queue-microtask': [ '1.2.3' ],
96 silly audit   react: [ '18.3.1' ],
96 silly audit   'react-dom': [ '18.3.1' ],
96 silly audit   'react-fast-compare': [ '2.0.4' ],
96 silly audit   'react-grid-system': [ '8.2.0' ],
96 silly audit   'react-hook-form': [ '7.51.5' ],
96 silly audit   'react-i18next': [ '14.1.1' ],
96 silly audit   'react-input-mask': [ '2.0.4' ],
96 silly audit   'react-is': [ '16.13.1', '18.3.1' ],
96 silly audit   'react-lifecycles-compat': [ '3.0.4' ],
96 silly audit   'react-modal': [ '3.16.1' ],
96 silly audit   'react-router': [ '6.23.1' ],
96 silly audit   'react-router-dom': [ '6.23.1' ],
96 silly audit   'react-text-mask': [ '5.5.0' ],
96 silly audit   'reflect.getprototypeof': [ '1.0.6' ],
96 silly audit   'regenerator-runtime': [ '0.14.1' ],
96 silly audit   'regexp.prototype.flags': [ '1.5.2' ],
96 silly audit   'remove-accents': [ '0.5.0' ],
96 silly audit   'resolve-from': [ '4.0.0' ],
96 silly audit   reusify: [ '1.0.4' ],
96 silly audit   rimraf: [ '3.0.2' ],
96 silly audit   rollup: [ '4.17.2' ],
96 silly audit   'run-parallel': [ '1.2.0' ],
96 silly audit   'safe-array-concat': [ '1.1.2' ],
96 silly audit   'safe-regex-test': [ '1.0.3' ],
96 silly audit   scheduler: [ '0.23.2' ],
96 silly audit   semver: [ '6.3.1' ],
96 silly audit   'set-function-length': [ '1.2.2' ],
96 silly audit   'set-function-name': [ '2.0.2' ],
96 silly audit   shallowequal: [ '1.1.0' ],
96 silly audit   'shebang-command': [ '2.0.0' ],
96 silly audit   'shebang-regex': [ '3.0.0' ],
96 silly audit   'side-channel': [ '1.0.6' ],
96 silly audit   'sort-by': [ '1.2.0' ],
96 silly audit   'source-map': [ '0.5.7' ],
96 silly audit   'source-map-js': [ '1.2.0' ],
96 silly audit   'string.prototype.matchall': [ '4.0.11' ],
96 silly audit   'string.prototype.trim': [ '1.2.9' ],
96 silly audit   'string.prototype.trimend': [ '1.0.8' ],
96 silly audit   'string.prototype.trimstart': [ '1.0.8' ],
96 silly audit   'strip-ansi': [ '6.0.1' ],
96 silly audit   'strip-json-comments': [ '3.1.1' ],
96 silly audit   'styled-components': [ '6.1.11' ],
96 silly audit   'supports-preserve-symlinks-flag': [ '1.0.0' ],
96 silly audit   swiper: [ '11.1.14' ],
96 silly audit   'text-table': [ '0.2.0' ],
96 silly audit   'tiny-case': [ '1.0.3' ],
96 silly audit   'tiny-warning': [ '1.0.3' ],
96 silly audit   'to-fast-properties': [ '2.0.0' ],
96 silly audit   toposort: [ '2.0.2' ],
96 silly audit   tslib: [ '2.6.2' ],
96 silly audit   'type-check': [ '0.4.0' ],
96 silly audit   'type-fest': [ '0.20.2', '2.19.0' ],
96 silly audit   'typed-array-buffer': [ '1.0.2' ],
96 silly audit   'typed-array-byte-length': [ '1.0.1' ],
96 silly audit   'typed-array-byte-offset': [ '1.0.2' ],
96 silly audit   'typed-array-length': [ '1.0.6' ],
96 silly audit   typescript: [ '5.4.5' ],
96 silly audit   'unbox-primitive': [ '1.0.2' ],
96 silly audit   'update-browserslist-db': [ '1.0.15' ],
96 silly audit   'uri-js': [ '4.4.1' ],
96 silly audit   vary: [ '1.1.2' ],
96 silly audit   vite: [ '5.2.11' ],
96 silly audit   'void-elements': [ '3.1.0' ],
96 silly audit   warning: [ '4.0.3' ],
96 silly audit   which: [ '2.0.2' ],
96 silly audit   'which-boxed-primitive': [ '1.0.2' ],
96 silly audit   'which-builtin-type': [ '1.1.3' ],
96 silly audit   'which-collection': [ '1.0.2' ],
96 silly audit   'which-typed-array': [ '1.1.15' ],
96 silly audit   'word-wrap': [ '1.2.5' ],
96 silly audit   wrappy: [ '1.0.2' ],
96 silly audit   yallist: [ '3.1.1' ],
96 silly audit   yaml: [ '1.10.2' ],
96 silly audit   'yocto-queue': [ '0.1.0' ],
96 silly audit   yup: [ '1.4.0' ],
96 silly audit   '@mui/icons-material': [ '6.1.1' ],
96 silly audit   '@mui/material': [ '6.1.1' ],
96 silly audit   '@babel/runtime': [ '7.25.6' ],
96 silly audit   '@mui/core-downloads-tracker': [ '6.1.1' ],
96 silly audit   '@mui/system': [ '6.1.1' ],
96 silly audit   '@mui/types': [ '7.2.17' ],
96 silly audit   '@mui/utils': [ '6.1.1' ],
96 silly audit   '@popperjs/core': [ '2.11.8' ],
96 silly audit   '@types/react-transition-group': [ '4.4.11' ],
96 silly audit   clsx: [ '2.1.1' ],
96 silly audit   'react-transition-group': [ '4.4.5' ],
96 silly audit   '@mui/private-theming': [ '6.1.1' ],
96 silly audit   '@mui/styled-engine': [ '6.1.1' ],
96 silly audit   '@emotion/cache': [ '11.13.1' ],
96 silly audit   '@emotion/sheet': [ '1.4.0' ],
96 silly audit   '@emotion/utils': [ '1.4.1' ],
96 silly audit   'dom-helpers': [ '5.2.1' ]
96 silly audit }
97 verbose reify failed optional dependency C:\Users\JuanR\Downloads\Common-League-16f2336508bf29e28351de10a55e68d0318b74e0\Common-League-16f2336508bf29e28351de10a55e68d0318b74e0\node_modules\fsevents
98 silly reify mark deleted [
98 silly reify   'C:\\Users\\JuanR\\Downloads\\Common-League-16f2336508bf29e28351de10a55e68d0318b74e0\\Common-League-16f2336508bf29e28351de10a55e68d0318b74e0\\node_modules\\fsevents'
98 silly reify ]
99 verbose reify failed optional dependency C:\Users\JuanR\Downloads\Common-League-16f2336508bf29e28351de10a55e68d0318b74e0\Common-League-16f2336508bf29e28351de10a55e68d0318b74e0\node_modules\@rollup\rollup-win32-ia32-msvc
100 silly reify mark deleted [
100 silly reify   'C:\\Users\\JuanR\\Downloads\\Common-League-16f2336508bf29e28351de10a55e68d0318b74e0\\Common-League-16f2336508bf29e28351de10a55e68d0318b74e0\\node_modules\\@rollup\\rollup-win32-ia32-msvc'
100 silly reify ]
101 verbose reify failed optional dependency C:\Users\JuanR\Downloads\Common-League-16f2336508bf29e28351de10a55e68d0318b74e0\Common-League-16f2336508bf29e28351de10a55e68d0318b74e0\node_modules\@rollup\rollup-win32-arm64-msvc
102 silly reify mark deleted [
102 silly reify   'C:\\Users\\JuanR\\Downloads\\Common-League-16f2336508bf29e28351de10a55e68d0318b74e0\\Common-League-16f2336508bf29e28351de10a55e68d0318b74e0\\node_modules\\@rollup\\rollup-win32-arm64-msvc'
102 silly reify ]
103 verbose reify failed optional dependency C:\Users\JuanR\Downloads\Common-League-16f2336508bf29e28351de10a55e68d0318b74e0\Common-League-16f2336508bf29e28351de10a55e68d0318b74e0\node_modules\@rollup\rollup-linux-x64-musl
104 silly reify mark deleted [
104 silly reify   'C:\\Users\\JuanR\\Downloads\\Common-League-16f2336508bf29e28351de10a55e68d0318b74e0\\Common-League-16f2336508bf29e28351de10a55e68d0318b74e0\\node_modules\\@rollup\\rollup-linux-x64-musl'
104 silly reify ]
105 verbose reify failed optional dependency C:\Users\JuanR\Downloads\Common-League-16f2336508bf29e28351de10a55e68d0318b74e0\Common-League-16f2336508bf29e28351de10a55e68d0318b74e0\node_modules\@rollup\rollup-linux-x64-gnu
106 silly reify mark deleted [
106 silly reify   'C:\\Users\\JuanR\\Downloads\\Common-League-16f2336508bf29e28351de10a55e68d0318b74e0\\Common-League-16f2336508bf29e28351de10a55e68d0318b74e0\\node_modules\\@rollup\\rollup-linux-x64-gnu'
106 silly reify ]
107 verbose reify failed optional dependency C:\Users\JuanR\Downloads\Common-League-16f2336508bf29e28351de10a55e68d0318b74e0\Common-League-16f2336508bf29e28351de10a55e68d0318b74e0\node_modules\@rollup\rollup-linux-s390x-gnu
108 silly reify mark deleted [
108 silly reify   'C:\\Users\\JuanR\\Downloads\\Common-League-16f2336508bf29e28351de10a55e68d0318b74e0\\Common-League-16f2336508bf29e28351de10a55e68d0318b74e0\\node_modules\\@rollup\\rollup-linux-s390x-gnu'
108 silly reify ]
109 verbose reify failed optional dependency C:\Users\JuanR\Downloads\Common-League-16f2336508bf29e28351de10a55e68d0318b74e0\Common-League-16f2336508bf29e28351de10a55e68d0318b74e0\node_modules\@rollup\rollup-linux-riscv64-gnu
110 silly reify mark deleted [
110 silly reify   'C:\\Users\\JuanR\\Downloads\\Common-League-16f2336508bf29e28351de10a55e68d0318b74e0\\Common-League-16f2336508bf29e28351de10a55e68d0318b74e0\\node_modules\\@rollup\\rollup-linux-riscv64-gnu'
110 silly reify ]
111 verbose reify failed optional dependency C:\Users\JuanR\Downloads\Common-League-16f2336508bf29e28351de10a55e68d0318b74e0\Common-League-16f2336508bf29e28351de10a55e68d0318b74e0\node_modules\@rollup\rollup-linux-powerpc64le-gnu
112 silly reify mark deleted [
112 silly reify   'C:\\Users\\JuanR\\Downloads\\Common-League-16f2336508bf29e28351de10a55e68d0318b74e0\\Common-League-16f2336508bf29e28351de10a55e68d0318b74e0\\node_modules\\@rollup\\rollup-linux-powerpc64le-gnu'
112 silly reify ]
113 verbose reify failed optional dependency C:\Users\JuanR\Downloads\Common-League-16f2336508bf29e28351de10a55e68d0318b74e0\Common-League-16f2336508bf29e28351de10a55e68d0318b74e0\node_modules\@rollup\rollup-linux-arm64-musl
114 silly reify mark deleted [
114 silly reify   'C:\\Users\\JuanR\\Downloads\\Common-League-16f2336508bf29e28351de10a55e68d0318b74e0\\Common-League-16f2336508bf29e28351de10a55e68d0318b74e0\\node_modules\\@rollup\\rollup-linux-arm64-musl'
114 silly reify ]
115 verbose reify failed optional dependency C:\Users\JuanR\Downloads\Common-League-16f2336508bf29e28351de10a55e68d0318b74e0\Common-League-16f2336508bf29e28351de10a55e68d0318b74e0\node_modules\@rollup\rollup-linux-arm64-gnu
116 silly reify mark deleted [
116 silly reify   'C:\\Users\\JuanR\\Downloads\\Common-League-16f2336508bf29e28351de10a55e68d0318b74e0\\Common-League-16f2336508bf29e28351de10a55e68d0318b74e0\\node_modules\\@rollup\\rollup-linux-arm64-gnu'
116 silly reify ]
117 verbose reify failed optional dependency C:\Users\JuanR\Downloads\Common-League-16f2336508bf29e28351de10a55e68d0318b74e0\Common-League-16f2336508bf29e28351de10a55e68d0318b74e0\node_modules\@rollup\rollup-linux-arm-musleabihf
118 silly reify mark deleted [
118 silly reify   'C:\\Users\\JuanR\\Downloads\\Common-League-16f2336508bf29e28351de10a55e68d0318b74e0\\Common-League-16f2336508bf29e28351de10a55e68d0318b74e0\\node_modules\\@rollup\\rollup-linux-arm-musleabihf'
118 silly reify ]
119 verbose reify failed optional dependency C:\Users\JuanR\Downloads\Common-League-16f2336508bf29e28351de10a55e68d0318b74e0\Common-League-16f2336508bf29e28351de10a55e68d0318b74e0\node_modules\@rollup\rollup-linux-arm-gnueabihf
120 silly reify mark deleted [
120 silly reify   'C:\\Users\\JuanR\\Downloads\\Common-League-16f2336508bf29e28351de10a55e68d0318b74e0\\Common-League-16f2336508bf29e28351de10a55e68d0318b74e0\\node_modules\\@rollup\\rollup-linux-arm-gnueabihf'
120 silly reify ]
121 verbose reify failed optional dependency C:\Users\JuanR\Downloads\Common-League-16f2336508bf29e28351de10a55e68d0318b74e0\Common-League-16f2336508bf29e28351de10a55e68d0318b74e0\node_modules\@rollup\rollup-darwin-x64
122 silly reify mark deleted [
122 silly reify   'C:\\Users\\JuanR\\Downloads\\Common-League-16f2336508bf29e28351de10a55e68d0318b74e0\\Common-League-16f2336508bf29e28351de10a55e68d0318b74e0\\node_modules\\@rollup\\rollup-darwin-x64'
122 silly reify ]
123 verbose reify failed optional dependency C:\Users\JuanR\Downloads\Common-League-16f2336508bf29e28351de10a55e68d0318b74e0\Common-League-16f2336508bf29e28351de10a55e68d0318b74e0\node_modules\@rollup\rollup-darwin-arm64
124 silly reify mark deleted [
124 silly reify   'C:\\Users\\JuanR\\Downloads\\Common-League-16f2336508bf29e28351de10a55e68d0318b74e0\\Common-League-16f2336508bf29e28351de10a55e68d0318b74e0\\node_modules\\@rollup\\rollup-darwin-arm64'
124 silly reify ]
125 verbose reify failed optional dependency C:\Users\JuanR\Downloads\Common-League-16f2336508bf29e28351de10a55e68d0318b74e0\Common-League-16f2336508bf29e28351de10a55e68d0318b74e0\node_modules\@rollup\rollup-android-arm64
126 silly reify mark deleted [
126 silly reify   'C:\\Users\\JuanR\\Downloads\\Common-League-16f2336508bf29e28351de10a55e68d0318b74e0\\Common-League-16f2336508bf29e28351de10a55e68d0318b74e0\\node_modules\\@rollup\\rollup-android-arm64'
126 silly reify ]
127 verbose reify failed optional dependency C:\Users\JuanR\Downloads\Common-League-16f2336508bf29e28351de10a55e68d0318b74e0\Common-League-16f2336508bf29e28351de10a55e68d0318b74e0\node_modules\@rollup\rollup-android-arm-eabi
128 silly reify mark deleted [
128 silly reify   'C:\\Users\\JuanR\\Downloads\\Common-League-16f2336508bf29e28351de10a55e68d0318b74e0\\Common-League-16f2336508bf29e28351de10a55e68d0318b74e0\\node_modules\\@rollup\\rollup-android-arm-eabi'
128 silly reify ]
129 verbose reify failed optional dependency C:\Users\JuanR\Downloads\Common-League-16f2336508bf29e28351de10a55e68d0318b74e0\Common-League-16f2336508bf29e28351de10a55e68d0318b74e0\node_modules\@esbuild\win32-ia32
130 silly reify mark deleted [
130 silly reify   'C:\\Users\\JuanR\\Downloads\\Common-League-16f2336508bf29e28351de10a55e68d0318b74e0\\Common-League-16f2336508bf29e28351de10a55e68d0318b74e0\\node_modules\\@esbuild\\win32-ia32'
130 silly reify ]
131 verbose reify failed optional dependency C:\Users\JuanR\Downloads\Common-League-16f2336508bf29e28351de10a55e68d0318b74e0\Common-League-16f2336508bf29e28351de10a55e68d0318b74e0\node_modules\@esbuild\win32-arm64
132 silly reify mark deleted [
132 silly reify   'C:\\Users\\JuanR\\Downloads\\Common-League-16f2336508bf29e28351de10a55e68d0318b74e0\\Common-League-16f2336508bf29e28351de10a55e68d0318b74e0\\node_modules\\@esbuild\\win32-arm64'
132 silly reify ]
133 verbose reify failed optional dependency C:\Users\JuanR\Downloads\Common-League-16f2336508bf29e28351de10a55e68d0318b74e0\Common-League-16f2336508bf29e28351de10a55e68d0318b74e0\node_modules\@esbuild\sunos-x64
134 silly reify mark deleted [
134 silly reify   'C:\\Users\\JuanR\\Downloads\\Common-League-16f2336508bf29e28351de10a55e68d0318b74e0\\Common-League-16f2336508bf29e28351de10a55e68d0318b74e0\\node_modules\\@esbuild\\sunos-x64'
134 silly reify ]
135 verbose reify failed optional dependency C:\Users\JuanR\Downloads\Common-League-16f2336508bf29e28351de10a55e68d0318b74e0\Common-League-16f2336508bf29e28351de10a55e68d0318b74e0\node_modules\@esbuild\openbsd-x64
136 silly reify mark deleted [
136 silly reify   'C:\\Users\\JuanR\\Downloads\\Common-League-16f2336508bf29e28351de10a55e68d0318b74e0\\Common-League-16f2336508bf29e28351de10a55e68d0318b74e0\\node_modules\\@esbuild\\openbsd-x64'
136 silly reify ]
137 verbose reify failed optional dependency C:\Users\JuanR\Downloads\Common-League-16f2336508bf29e28351de10a55e68d0318b74e0\Common-League-16f2336508bf29e28351de10a55e68d0318b74e0\node_modules\@esbuild\netbsd-x64
138 silly reify mark deleted [
138 silly reify   'C:\\Users\\JuanR\\Downloads\\Common-League-16f2336508bf29e28351de10a55e68d0318b74e0\\Common-League-16f2336508bf29e28351de10a55e68d0318b74e0\\node_modules\\@esbuild\\netbsd-x64'
138 silly reify ]
139 verbose reify failed optional dependency C:\Users\JuanR\Downloads\Common-League-16f2336508bf29e28351de10a55e68d0318b74e0\Common-League-16f2336508bf29e28351de10a55e68d0318b74e0\node_modules\@esbuild\linux-x64
140 silly reify mark deleted [
140 silly reify   'C:\\Users\\JuanR\\Downloads\\Common-League-16f2336508bf29e28351de10a55e68d0318b74e0\\Common-League-16f2336508bf29e28351de10a55e68d0318b74e0\\node_modules\\@esbuild\\linux-x64'
140 silly reify ]
141 verbose reify failed optional dependency C:\Users\JuanR\Downloads\Common-League-16f2336508bf29e28351de10a55e68d0318b74e0\Common-League-16f2336508bf29e28351de10a55e68d0318b74e0\node_modules\@esbuild\linux-s390x
142 silly reify mark deleted [
142 silly reify   'C:\\Users\\JuanR\\Downloads\\Common-League-16f2336508bf29e28351de10a55e68d0318b74e0\\Common-League-16f2336508bf29e28351de10a55e68d0318b74e0\\node_modules\\@esbuild\\linux-s390x'
142 silly reify ]
143 verbose reify failed optional dependency C:\Users\JuanR\Downloads\Common-League-16f2336508bf29e28351de10a55e68d0318b74e0\Common-League-16f2336508bf29e28351de10a55e68d0318b74e0\node_modules\@esbuild\linux-riscv64
144 silly reify mark deleted [
144 silly reify   'C:\\Users\\JuanR\\Downloads\\Common-League-16f2336508bf29e28351de10a55e68d0318b74e0\\Common-League-16f2336508bf29e28351de10a55e68d0318b74e0\\node_modules\\@esbuild\\linux-riscv64'
144 silly reify ]
145 verbose reify failed optional dependency C:\Users\JuanR\Downloads\Common-League-16f2336508bf29e28351de10a55e68d0318b74e0\Common-League-16f2336508bf29e28351de10a55e68d0318b74e0\node_modules\@esbuild\linux-ppc64
146 silly reify mark deleted [
146 silly reify   'C:\\Users\\JuanR\\Downloads\\Common-League-16f2336508bf29e28351de10a55e68d0318b74e0\\Common-League-16f2336508bf29e28351de10a55e68d0318b74e0\\node_modules\\@esbuild\\linux-ppc64'
146 silly reify ]
147 verbose reify failed optional dependency C:\Users\JuanR\Downloads\Common-League-16f2336508bf29e28351de10a55e68d0318b74e0\Common-League-16f2336508bf29e28351de10a55e68d0318b74e0\node_modules\@esbuild\linux-mips64el
148 silly reify mark deleted [
148 silly reify   'C:\\Users\\JuanR\\Downloads\\Common-League-16f2336508bf29e28351de10a55e68d0318b74e0\\Common-League-16f2336508bf29e28351de10a55e68d0318b74e0\\node_modules\\@esbuild\\linux-mips64el'
148 silly reify ]
149 verbose reify failed optional dependency C:\Users\JuanR\Downloads\Common-League-16f2336508bf29e28351de10a55e68d0318b74e0\Common-League-16f2336508bf29e28351de10a55e68d0318b74e0\node_modules\@esbuild\linux-loong64
150 silly reify mark deleted [
150 silly reify   'C:\\Users\\JuanR\\Downloads\\Common-League-16f2336508bf29e28351de10a55e68d0318b74e0\\Common-League-16f2336508bf29e28351de10a55e68d0318b74e0\\node_modules\\@esbuild\\linux-loong64'
150 silly reify ]
151 verbose reify failed optional dependency C:\Users\JuanR\Downloads\Common-League-16f2336508bf29e28351de10a55e68d0318b74e0\Common-League-16f2336508bf29e28351de10a55e68d0318b74e0\node_modules\@esbuild\linux-ia32
152 silly reify mark deleted [
152 silly reify   'C:\\Users\\JuanR\\Downloads\\Common-League-16f2336508bf29e28351de10a55e68d0318b74e0\\Common-League-16f2336508bf29e28351de10a55e68d0318b74e0\\node_modules\\@esbuild\\linux-ia32'
152 silly reify ]
153 verbose reify failed optional dependency C:\Users\JuanR\Downloads\Common-League-16f2336508bf29e28351de10a55e68d0318b74e0\Common-League-16f2336508bf29e28351de10a55e68d0318b74e0\node_modules\@esbuild\linux-arm64
154 silly reify mark deleted [
154 silly reify   'C:\\Users\\JuanR\\Downloads\\Common-League-16f2336508bf29e28351de10a55e68d0318b74e0\\Common-League-16f2336508bf29e28351de10a55e68d0318b74e0\\node_modules\\@esbuild\\linux-arm64'
154 silly reify ]
155 verbose reify failed optional dependency C:\Users\JuanR\Downloads\Common-League-16f2336508bf29e28351de10a55e68d0318b74e0\Common-League-16f2336508bf29e28351de10a55e68d0318b74e0\node_modules\@esbuild\linux-arm
156 silly reify mark deleted [
156 silly reify   'C:\\Users\\JuanR\\Downloads\\Common-League-16f2336508bf29e28351de10a55e68d0318b74e0\\Common-League-16f2336508bf29e28351de10a55e68d0318b74e0\\node_modules\\@esbuild\\linux-arm'
156 silly reify ]
157 verbose reify failed optional dependency C:\Users\JuanR\Downloads\Common-League-16f2336508bf29e28351de10a55e68d0318b74e0\Common-League-16f2336508bf29e28351de10a55e68d0318b74e0\node_modules\@esbuild\freebsd-x64
158 silly reify mark deleted [
158 silly reify   'C:\\Users\\JuanR\\Downloads\\Common-League-16f2336508bf29e28351de10a55e68d0318b74e0\\Common-League-16f2336508bf29e28351de10a55e68d0318b74e0\\node_modules\\@esbuild\\freebsd-x64'
158 silly reify ]
159 verbose reify failed optional dependency C:\Users\JuanR\Downloads\Common-League-16f2336508bf29e28351de10a55e68d0318b74e0\Common-League-16f2336508bf29e28351de10a55e68d0318b74e0\node_modules\@esbuild\freebsd-arm64
160 silly reify mark deleted [
160 silly reify   'C:\\Users\\JuanR\\Downloads\\Common-League-16f2336508bf29e28351de10a55e68d0318b74e0\\Common-League-16f2336508bf29e28351de10a55e68d0318b74e0\\node_modules\\@esbuild\\freebsd-arm64'
160 silly reify ]
161 verbose reify failed optional dependency C:\Users\JuanR\Downloads\Common-League-16f2336508bf29e28351de10a55e68d0318b74e0\Common-League-16f2336508bf29e28351de10a55e68d0318b74e0\node_modules\@esbuild\darwin-x64
162 silly reify mark deleted [
162 silly reify   'C:\\Users\\JuanR\\Downloads\\Common-League-16f2336508bf29e28351de10a55e68d0318b74e0\\Common-League-16f2336508bf29e28351de10a55e68d0318b74e0\\node_modules\\@esbuild\\darwin-x64'
162 silly reify ]
163 verbose reify failed optional dependency C:\Users\JuanR\Downloads\Common-League-16f2336508bf29e28351de10a55e68d0318b74e0\Common-League-16f2336508bf29e28351de10a55e68d0318b74e0\node_modules\@esbuild\darwin-arm64
164 silly reify mark deleted [
164 silly reify   'C:\\Users\\JuanR\\Downloads\\Common-League-16f2336508bf29e28351de10a55e68d0318b74e0\\Common-League-16f2336508bf29e28351de10a55e68d0318b74e0\\node_modules\\@esbuild\\darwin-arm64'
164 silly reify ]
165 verbose reify failed optional dependency C:\Users\JuanR\Downloads\Common-League-16f2336508bf29e28351de10a55e68d0318b74e0\Common-League-16f2336508bf29e28351de10a55e68d0318b74e0\node_modules\@esbuild\android-x64
166 silly reify mark deleted [
166 silly reify   'C:\\Users\\JuanR\\Downloads\\Common-League-16f2336508bf29e28351de10a55e68d0318b74e0\\Common-League-16f2336508bf29e28351de10a55e68d0318b74e0\\node_modules\\@esbuild\\android-x64'
166 silly reify ]
167 verbose reify failed optional dependency C:\Users\JuanR\Downloads\Common-League-16f2336508bf29e28351de10a55e68d0318b74e0\Common-League-16f2336508bf29e28351de10a55e68d0318b74e0\node_modules\@esbuild\android-arm64
168 silly reify mark deleted [
168 silly reify   'C:\\Users\\JuanR\\Downloads\\Common-League-16f2336508bf29e28351de10a55e68d0318b74e0\\Common-League-16f2336508bf29e28351de10a55e68d0318b74e0\\node_modules\\@esbuild\\android-arm64'
168 silly reify ]
169 verbose reify failed optional dependency C:\Users\JuanR\Downloads\Common-League-16f2336508bf29e28351de10a55e68d0318b74e0\Common-League-16f2336508bf29e28351de10a55e68d0318b74e0\node_modules\@esbuild\android-arm
170 silly reify mark deleted [
170 silly reify   'C:\\Users\\JuanR\\Downloads\\Common-League-16f2336508bf29e28351de10a55e68d0318b74e0\\Common-League-16f2336508bf29e28351de10a55e68d0318b74e0\\node_modules\\@esbuild\\android-arm'
170 silly reify ]
171 verbose reify failed optional dependency C:\Users\JuanR\Downloads\Common-League-16f2336508bf29e28351de10a55e68d0318b74e0\Common-League-16f2336508bf29e28351de10a55e68d0318b74e0\node_modules\@esbuild\aix-ppc64
172 silly reify mark deleted [
172 silly reify   'C:\\Users\\JuanR\\Downloads\\Common-League-16f2336508bf29e28351de10a55e68d0318b74e0\\Common-League-16f2336508bf29e28351de10a55e68d0318b74e0\\node_modules\\@esbuild\\aix-ppc64'
172 silly reify ]
173 silly tarball no local data for @mui/styled-engine@https://registry.npmjs.org/@mui/styled-engine/-/styled-engine-6.1.1.tgz. Extracting by manifest.
174 silly tarball no local data for dom-helpers@https://registry.npmjs.org/dom-helpers/-/dom-helpers-5.2.1.tgz. Extracting by manifest.
175 silly tarball no local data for @mui/private-theming@https://registry.npmjs.org/@mui/private-theming/-/private-theming-6.1.1.tgz. Extracting by manifest.
176 silly tarball no local data for react-transition-group@https://registry.npmjs.org/react-transition-group/-/react-transition-group-4.4.5.tgz. Extracting by manifest.
177 silly tarball no local data for clsx@https://registry.npmjs.org/clsx/-/clsx-2.1.1.tgz. Extracting by manifest.
178 silly tarball no local data for @types/react-transition-group@https://registry.npmjs.org/@types/react-transition-group/-/react-transition-group-4.4.11.tgz. Extracting by manifest.
179 silly tarball no local data for @popperjs/core@https://registry.npmjs.org/@popperjs/core/-/core-2.11.8.tgz. Extracting by manifest.
180 silly tarball no local data for @mui/utils@https://registry.npmjs.org/@mui/utils/-/utils-6.1.1.tgz. Extracting by manifest.
181 silly tarball no local data for @mui/types@https://registry.npmjs.org/@mui/types/-/types-7.2.17.tgz. Extracting by manifest.
182 silly tarball no local data for @mui/system@https://registry.npmjs.org/@mui/system/-/system-6.1.1.tgz. Extracting by manifest.
183 silly tarball no local data for @mui/core-downloads-tracker@https://registry.npmjs.org/@mui/core-downloads-tracker/-/core-downloads-tracker-6.1.1.tgz. Extracting by manifest.
184 silly tarball no local data for @mui/material@https://registry.npmjs.org/@mui/material/-/material-6.1.1.tgz. Extracting by manifest.
185 silly tarball no local data for @mui/icons-material@https://registry.npmjs.org/@mui/icons-material/-/icons-material-6.1.1.tgz. Extracting by manifest.
186 silly tarball no local data for @emotion/utils@https://registry.npmjs.org/@emotion/utils/-/utils-1.4.1.tgz. Extracting by manifest.
187 silly tarball no local data for @emotion/cache@https://registry.npmjs.org/@emotion/cache/-/cache-11.13.1.tgz. Extracting by manifest.
188 silly tarball no local data for @emotion/sheet@https://registry.npmjs.org/@emotion/sheet/-/sheet-1.4.0.tgz. Extracting by manifest.
189 silly tarball no local data for @babel/runtime@https://registry.npmjs.org/@babel/runtime/-/runtime-7.25.6.tgz. Extracting by manifest.
190 silly tarball no local data for react-is@https://registry.npmjs.org/react-is/-/react-is-18.3.1.tgz. Extracting by manifest.
191 silly tarball no local data for @emotion/weak-memoize@https://registry.npmjs.org/@emotion/weak-memoize/-/weak-memoize-0.4.0.tgz. Extracting by manifest.
192 silly tarball no local data for react-is@https://registry.npmjs.org/react-is/-/react-is-18.3.1.tgz. Extracting by manifest.
193 silly tarball no local data for @emotion/memoize@https://registry.npmjs.org/@emotion/memoize/-/memoize-0.9.0.tgz. Extracting by manifest.
194 http fetch POST 200 https://registry.npmjs.org/-/npm/v1/security/advisories/bulk 463ms
195 silly audit report {
195 silly audit report   axios: [
195 silly audit report     {
195 silly audit report       id: 1098583,
195 silly audit report       url: 'https://github.com/advisories/GHSA-8hc4-vh64-cxmj',
195 silly audit report       title: 'Server-Side Request Forgery in axios',
195 silly audit report       severity: 'high',
195 silly audit report       vulnerable_versions: '>=1.3.2 <=1.7.3',
195 silly audit report       cwe: [Array],
195 silly audit report       cvss: [Object]
195 silly audit report     }
195 silly audit report   ],
195 silly audit report   'object-path': [
195 silly audit report     {
195 silly audit report       id: 1093573,
195 silly audit report       url: 'https://github.com/advisories/GHSA-v39p-96qg-c8rf',
195 silly audit report       title: 'Prototype Pollution in object-path',
195 silly audit report       severity: 'moderate',
195 silly audit report       vulnerable_versions: '<0.11.6',
195 silly audit report       cwe: [Array],
195 silly audit report       cvss: [Object]
195 silly audit report     },
195 silly audit report     {
195 silly audit report       id: 1095139,
195 silly audit report       url: 'https://github.com/advisories/GHSA-cwx2-736x-mf6w',
195 silly audit report       title: 'Prototype pollution in object-path',
195 silly audit report       severity: 'high',
195 silly audit report       vulnerable_versions: '<0.11.5',
195 silly audit report       cwe: [Array],
195 silly audit report       cvss: [Object]
195 silly audit report     },
195 silly audit report     {
195 silly audit report       id: 1095140,
195 silly audit report       url: 'https://github.com/advisories/GHSA-8v63-cqqc-6r2c',
195 silly audit report       title: 'Prototype Pollution in object-path',
195 silly audit report       severity: 'high',
195 silly audit report       vulnerable_versions: '<0.11.8',
195 silly audit report       cwe: [Array],
195 silly audit report       cvss: [Object]
195 silly audit report     }
195 silly audit report   ],
195 silly audit report   rollup: [
195 silly audit report     {
195 silly audit report       id: 1099717,
195 silly audit report       url: 'https://github.com/advisories/GHSA-gcx4-mw62-g8wm',
195 silly audit report       title: 'DOM Clobbering Gadget found in rollup bundled scripts that leads to XSS',
195 silly audit report       severity: 'high',
195 silly audit report       vulnerable_versions: '>=4.0.0 <4.22.4',
195 silly audit report       cwe: [Array],
195 silly audit report       cvss: [Object]
195 silly audit report     }
195 silly audit report   ],
195 silly audit report   vite: [
195 silly audit report     {
195 silly audit report       id: 1099688,
195 silly audit report       url: 'https://github.com/advisories/GHSA-9cwx-2883-4wfx',
195 silly audit report       title: "Vite's `server.fs.deny` is bypassed when using `?import&raw`",
195 silly audit report       severity: 'moderate',
195 silly audit report       vulnerable_versions: '>=5.2.0 <5.2.14',
195 silly audit report       cwe: [Array],
195 silly audit report       cvss: [Object]
195 silly audit report     },
195 silly audit report     {
195 silly audit report       id: 1099691,
195 silly audit report       url: 'https://github.com/advisories/GHSA-64vr-g452-qvp3',
195 silly audit report       title: 'Vite DOM Clobbering gadget found in vite bundled scripts that leads to XSS',
195 silly audit report       severity: 'moderate',
195 silly audit report       vulnerable_versions: '>=5.2.0 <5.2.14',
195 silly audit report       cwe: [Array],
195 silly audit report       cvss: [Object]
195 silly audit report     }
195 silly audit report   ]
195 silly audit report }
196 http fetch GET 200 https://registry.npmjs.org/@emotion/weak-memoize/-/weak-memoize-0.4.0.tgz 595ms (cache miss)
197 http fetch GET 200 https://registry.npmjs.org/react-is/-/react-is-18.3.1.tgz 610ms (cache miss)
198 http fetch GET 200 https://registry.npmjs.org/@emotion/memoize/-/memoize-0.9.0.tgz 614ms (cache miss)
199 http fetch GET 200 https://registry.npmjs.org/react-is/-/react-is-18.3.1.tgz 629ms (cache miss)
200 http fetch GET 200 https://registry.npmjs.org/object-path 284ms (cache hit)
201 http fetch GET 200 https://registry.npmjs.org/@mui/types/-/types-7.2.17.tgz 677ms (cache miss)
202 http fetch GET 200 https://registry.npmjs.org/vite 300ms (cache hit)
203 http fetch GET 200 https://registry.npmjs.org/axios 385ms (cache hit)
204 http fetch GET 200 https://registry.npmjs.org/rollup 396ms (cache hit)
205 http fetch GET 200 https://registry.npmjs.org/clsx/-/clsx-2.1.1.tgz 969ms (cache miss)
206 http fetch GET 200 https://registry.npmjs.org/@mui/core-downloads-tracker/-/core-downloads-tracker-6.1.1.tgz 964ms (cache miss)
207 http fetch GET 200 https://registry.npmjs.org/@types/react-transition-group/-/react-transition-group-4.4.11.tgz 983ms (cache miss)
208 http fetch GET 200 https://registry.npmjs.org/sort-by 104ms (cache hit)
209 http fetch GET 200 https://registry.npmjs.org/@emotion/sheet/-/sheet-1.4.0.tgz 1120ms (cache miss)
210 http fetch GET 200 https://registry.npmjs.org/@vitejs%2fplugin-react 93ms (cache hit)
211 http fetch GET 200 https://registry.npmjs.org/@emotion/utils/-/utils-1.4.1.tgz 1285ms (cache miss)
212 http fetch GET 200 https://registry.npmjs.org/@mui/styled-engine/-/styled-engine-6.1.1.tgz 1316ms (cache miss)
213 http fetch GET 200 https://registry.npmjs.org/@mui/private-theming/-/private-theming-6.1.1.tgz 1468ms (cache miss)
214 http fetch GET 200 https://registry.npmjs.org/react-transition-group/-/react-transition-group-4.4.5.tgz 1547ms (cache miss)
215 http fetch GET 200 https://registry.npmjs.org/@emotion/cache/-/cache-11.13.1.tgz 1577ms (cache miss)
216 http fetch GET 200 https://registry.npmjs.org/@babel/runtime/-/runtime-7.25.6.tgz 3472ms (cache miss)
217 http fetch GET 200 https://registry.npmjs.org/dom-helpers/-/dom-helpers-5.2.1.tgz 4296ms (cache miss)
218 http fetch GET 200 https://registry.npmjs.org/@popperjs/core/-/core-2.11.8.tgz 4499ms (cache miss)
219 http fetch GET 200 https://registry.npmjs.org/@mui/utils/-/utils-6.1.1.tgz 5698ms (cache miss)
220 http fetch GET 200 https://registry.npmjs.org/@mui/system/-/system-6.1.1.tgz 5983ms (cache miss)
221 http fetch GET 200 https://registry.npmjs.org/@mui/material/-/material-6.1.1.tgz 14750ms (cache miss)
222 http fetch GET 200 https://registry.npmjs.org/@mui/icons-material/-/icons-material-6.1.1.tgz 81739ms (cache miss)
223 silly ADD node_modules/dom-helpers
224 silly ADD node_modules/@mui/styled-engine
225 silly ADD node_modules/@mui/private-theming
226 silly ADD node_modules/react-transition-group
227 silly ADD node_modules/clsx
228 silly ADD node_modules/@types/react-transition-group
229 silly ADD node_modules/@popperjs/core
230 silly ADD node_modules/@mui/utils
231 silly ADD node_modules/@mui/utils/node_modules/react-is
232 silly ADD node_modules/@mui/types
233 silly ADD node_modules/@mui/system
234 silly ADD node_modules/@mui/core-downloads-tracker
235 silly ADD node_modules/@mui/material
236 silly ADD node_modules/@mui/material/node_modules/react-is
237 silly ADD node_modules/@mui/icons-material
238 silly ADD
239 silly ADD
240 silly ADD
241 silly ADD
242 silly ADD
243 silly ADD
244 silly ADD
245 silly ADD
246 silly ADD
247 silly ADD
248 silly ADD
249 silly ADD
250 silly ADD
251 silly ADD
252 silly ADD
253 silly ADD
254 silly ADD
255 silly ADD
256 silly ADD
257 silly ADD
258 silly ADD
259 silly ADD
260 silly ADD
261 silly ADD
262 silly ADD
263 silly ADD
264 silly ADD
265 silly ADD
266 silly ADD
267 silly ADD
268 silly ADD
269 silly ADD
270 silly ADD
271 silly ADD
272 silly ADD
273 silly ADD
274 silly ADD
275 silly ADD
276 silly CHANGE node_modules/@emotion/utils
277 silly CHANGE node_modules/@emotion/sheet
278 silly CHANGE node_modules/@emotion/cache
279 silly ADD node_modules/@emotion/cache/node_modules/@emotion/weak-memoize
280 silly ADD node_modules/@emotion/cache/node_modules/@emotion/memoize
281 silly CHANGE node_modules/@babel/runtime
282 verbose exit 0
283 info ok
