0 verbose cli C:\Program Files\nodejs\node.exe C:\Users\JuanR\AppData\Roaming\npm\node_modules\npm\bin\npm-cli.js
1 info using npm@10.7.0
2 info using node@v21.5.0
3 silly config:load:file:C:\Users\JuanR\AppData\Roaming\npm\node_modules\npm\npmrc
4 silly config:load:file:C:\Users\JuanR\Downloads\Common-League-Prod\.npmrc
5 silly config:load:file:C:\Users\JuanR\.npmrc
6 silly config:load:file:C:\Users\JuanR\AppData\Roaming\npm\etc\npmrc
7 verbose title npm install bootstrap-icons
8 verbose argv "install" "bootstrap-icons"
9 verbose logfile logs-max:10 dir:C:\Users\JuanR\Downloads\Common-League-Prod\UsersJuanRAppDataRoamingnpm-cache\_logs\2024-09-25T14_34_40_641Z-
10 verbose logfile C:\Users\JuanR\Downloads\Common-League-Prod\UsersJuanRAppDataRoamingnpm-cache\_logs\2024-09-25T14_34_40_641Z-debug-0.log
11 silly logfile start cleaning logs, removing 2 files
12 silly logfile done cleaning log files
13 silly idealTree buildDeps
14 silly fetch manifest bootstrap-icons@^1.11.3
15 verbose shrinkwrap failed to load node_modules/.package-lock.json out of date, updated: node_modules
16 http fetch GET 200 https://registry.npmjs.org/bootstrap-icons 566ms (cache miss)
17 silly placeDep ROOT bootstrap-icons@1.11.3 REPLACE for: commom-league@0.0.0 want: ^1.11.3
18 silly reify moves {}
19 silly audit bulk request {
19 silly audit   '@ampproject/remapping': [ '2.3.0' ],
19 silly audit   '@babel/code-frame': [ '7.24.2' ],
19 silly audit   '@babel/compat-data': [ '7.24.4' ],
19 silly audit   '@babel/core': [ '7.24.5' ],
19 silly audit   '@babel/generator': [ '7.24.5' ],
19 silly audit   '@babel/helper-compilation-targets': [ '7.23.6' ],
19 silly audit   '@babel/helper-environment-visitor': [ '7.22.20' ],
19 silly audit   '@babel/helper-function-name': [ '7.23.0' ],
19 silly audit   '@babel/helper-hoist-variables': [ '7.22.5' ],
19 silly audit   '@babel/helper-module-imports': [ '7.24.3' ],
19 silly audit   '@babel/helper-module-transforms': [ '7.24.5' ],
19 silly audit   '@babel/helper-plugin-utils': [ '7.24.5' ],
19 silly audit   '@babel/helper-simple-access': [ '7.24.5' ],
19 silly audit   '@babel/helper-split-export-declaration': [ '7.24.5' ],
19 silly audit   '@babel/helper-string-parser': [ '7.24.1' ],
19 silly audit   '@babel/helper-validator-identifier': [ '7.24.5' ],
19 silly audit   '@babel/helper-validator-option': [ '7.23.5' ],
19 silly audit   '@babel/helpers': [ '7.24.5' ],
19 silly audit   '@babel/highlight': [ '7.24.5' ],
19 silly audit   '@babel/parser': [ '7.24.5' ],
19 silly audit   '@babel/plugin-transform-react-jsx-self': [ '7.24.5' ],
19 silly audit   '@babel/plugin-transform-react-jsx-source': [ '7.24.1' ],
19 silly audit   '@babel/runtime': [ '7.25.6' ],
19 silly audit   '@babel/template': [ '7.24.0' ],
19 silly audit   '@babel/traverse': [ '7.24.5' ],
19 silly audit   '@babel/types': [ '7.24.5' ],
19 silly audit   '@emotion/babel-plugin': [ '11.11.0' ],
19 silly audit   'convert-source-map': [ '1.9.0', '2.0.0' ],
19 silly audit   'escape-string-regexp': [ '4.0.0', '1.0.5' ],
19 silly audit   stylis: [ '4.2.0', '4.3.2' ],
19 silly audit   '@emotion/cache': [ '11.13.1' ],
19 silly audit   '@emotion/memoize': [ '0.9.0', '0.8.1' ],
19 silly audit   '@emotion/weak-memoize': [ '0.4.0', '0.3.1' ],
19 silly audit   '@emotion/hash': [ '0.9.1' ],
19 silly audit   '@emotion/is-prop-valid': [ '1.2.2' ],
19 silly audit   '@emotion/react': [ '11.11.4' ],
19 silly audit   '@emotion/serialize': [ '1.1.4' ],
19 silly audit   '@emotion/sheet': [ '1.4.0' ],
19 silly audit   '@emotion/styled': [ '11.11.5' ],
19 silly audit   '@emotion/unitless': [ '0.8.1' ],
19 silly audit   '@emotion/use-insertion-effect-with-fallbacks': [ '1.0.1' ],
19 silly audit   '@emotion/utils': [ '1.4.1' ],
19 silly audit   '@esbuild/aix-ppc64': [ '0.20.2' ],
19 silly audit   '@esbuild/android-arm': [ '0.20.2' ],
19 silly audit   '@esbuild/android-arm64': [ '0.20.2' ],
19 silly audit   '@esbuild/android-x64': [ '0.20.2' ],
19 silly audit   '@esbuild/darwin-arm64': [ '0.20.2' ],
19 silly audit   '@esbuild/darwin-x64': [ '0.20.2' ],
19 silly audit   '@esbuild/freebsd-arm64': [ '0.20.2' ],
19 silly audit   '@esbuild/freebsd-x64': [ '0.20.2' ],
19 silly audit   '@esbuild/linux-arm': [ '0.20.2' ],
19 silly audit   '@esbuild/linux-arm64': [ '0.20.2' ],
19 silly audit   '@esbuild/linux-ia32': [ '0.20.2' ],
19 silly audit   '@esbuild/linux-loong64': [ '0.20.2' ],
19 silly audit   '@esbuild/linux-mips64el': [ '0.20.2' ],
19 silly audit   '@esbuild/linux-ppc64': [ '0.20.2' ],
19 silly audit   '@esbuild/linux-riscv64': [ '0.20.2' ],
19 silly audit   '@esbuild/linux-s390x': [ '0.20.2' ],
19 silly audit   '@esbuild/linux-x64': [ '0.20.2' ],
19 silly audit   '@esbuild/netbsd-x64': [ '0.20.2' ],
19 silly audit   '@esbuild/openbsd-x64': [ '0.20.2' ],
19 silly audit   '@esbuild/sunos-x64': [ '0.20.2' ],
19 silly audit   '@esbuild/win32-arm64': [ '0.20.2' ],
19 silly audit   '@esbuild/win32-ia32': [ '0.20.2' ],
19 silly audit   '@esbuild/win32-x64': [ '0.20.2' ],
19 silly audit   '@eslint-community/eslint-utils': [ '4.4.0' ],
19 silly audit   '@eslint-community/regexpp': [ '4.10.0' ],
19 silly audit   '@eslint/eslintrc': [ '2.1.4' ],
19 silly audit   globals: [ '13.24.0', '11.12.0' ],
19 silly audit   '@eslint/js': [ '8.57.0' ],
19 silly audit   '@humanwhocodes/config-array': [ '0.11.14' ],
19 silly audit   '@humanwhocodes/module-importer': [ '1.0.1' ],
19 silly audit   '@humanwhocodes/object-schema': [ '2.0.3' ],
19 silly audit   '@jridgewell/gen-mapping': [ '0.3.5' ],
19 silly audit   '@jridgewell/resolve-uri': [ '3.1.2' ],
19 silly audit   '@jridgewell/set-array': [ '1.2.1' ],
19 silly audit   '@jridgewell/sourcemap-codec': [ '1.4.15' ],
19 silly audit   '@jridgewell/trace-mapping': [ '0.3.25' ],
19 silly audit   '@mui/core-downloads-tracker': [ '6.1.1' ],
19 silly audit   '@mui/icons-material': [ '6.1.1' ],
19 silly audit   '@mui/material': [ '6.1.1' ],
19 silly audit   'react-is': [ '18.3.1', '16.13.1' ],
19 silly audit   '@mui/private-theming': [ '6.1.1' ],
19 silly audit   '@mui/styled-engine': [ '6.1.1' ],
19 silly audit   '@mui/system': [ '6.1.1' ],
19 silly audit   '@mui/types': [ '7.2.17' ],
19 silly audit   '@mui/utils': [ '6.1.1' ],
19 silly audit   '@nodelib/fs.scandir': [ '2.1.5' ],
19 silly audit   '@nodelib/fs.stat': [ '2.0.5' ],
19 silly audit   '@nodelib/fs.walk': [ '1.2.8' ],
19 silly audit   '@popperjs/core': [ '2.11.8' ],
19 silly audit   '@remix-run/router': [ '1.16.1' ],
19 silly audit   '@rollup/pluginutils': [ '4.2.1' ],
19 silly audit   '@rollup/rollup-android-arm-eabi': [ '4.17.2' ],
19 silly audit   '@rollup/rollup-android-arm64': [ '4.17.2' ],
19 silly audit   '@rollup/rollup-darwin-arm64': [ '4.17.2' ],
19 silly audit   '@rollup/rollup-darwin-x64': [ '4.17.2' ],
19 silly audit   '@rollup/rollup-linux-arm-gnueabihf': [ '4.17.2' ],
19 silly audit   '@rollup/rollup-linux-arm-musleabihf': [ '4.17.2' ],
19 silly audit   '@rollup/rollup-linux-arm64-gnu': [ '4.17.2' ],
19 silly audit   '@rollup/rollup-linux-arm64-musl': [ '4.17.2' ],
19 silly audit   '@rollup/rollup-linux-powerpc64le-gnu': [ '4.17.2' ],
19 silly audit   '@rollup/rollup-linux-riscv64-gnu': [ '4.17.2' ],
19 silly audit   '@rollup/rollup-linux-s390x-gnu': [ '4.17.2' ],
19 silly audit   '@rollup/rollup-linux-x64-gnu': [ '4.17.2' ],
19 silly audit   '@rollup/rollup-linux-x64-musl': [ '4.17.2' ],
19 silly audit   '@rollup/rollup-win32-arm64-msvc': [ '4.17.2' ],
19 silly audit   '@rollup/rollup-win32-ia32-msvc': [ '4.17.2' ],
19 silly audit   '@rollup/rollup-win32-x64-msvc': [ '4.17.2' ],
19 silly audit   '@tanstack/query-core': [ '5.36.1' ],
19 silly audit   '@tanstack/react-query': [ '5.37.1' ],
19 silly audit   '@types/babel__core': [ '7.20.5' ],
19 silly audit   '@types/babel__generator': [ '7.6.8' ],
19 silly audit   '@types/babel__template': [ '7.4.4' ],
19 silly audit   '@types/babel__traverse': [ '7.20.5' ],
19 silly audit   '@types/estree': [ '1.0.5' ],
19 silly audit   '@types/hoist-non-react-statics': [ '3.3.5' ],
19 silly audit   '@types/parse-json': [ '4.0.2' ],
19 silly audit   '@types/prop-types': [ '15.7.12' ],
19 silly audit   '@types/react': [ '18.3.2' ],
19 silly audit   '@types/react-dom': [ '18.3.0' ],
19 silly audit   '@types/react-transition-group': [ '4.4.11' ],
19 silly audit   '@types/stylis': [ '4.2.5' ],
19 silly audit   '@ungap/structured-clone': [ '1.2.0' ],
19 silly audit   '@vitejs/plugin-react': [ '4.2.1' ],
19 silly audit   '@vitejs/plugin-react-refresh': [ '1.3.6' ],
19 silly audit   'react-refresh': [ '0.10.0', '0.14.2' ],
19 silly audit   acorn: [ '8.11.3' ],
19 silly audit   'acorn-jsx': [ '5.3.2' ],
19 silly audit   ajv: [ '6.12.6' ],
19 silly audit   'ansi-regex': [ '5.0.1' ],
19 silly audit   'ansi-styles': [ '3.2.1', '4.3.0' ],
19 silly audit   argparse: [ '2.0.1' ],
19 silly audit   'array-buffer-byte-length': [ '1.0.1' ],
19 silly audit   'array-includes': [ '3.1.8' ],
19 silly audit   'array.prototype.findlast': [ '1.2.5' ],
19 silly audit   'array.prototype.flat': [ '1.3.2' ],
19 silly audit   'array.prototype.flatmap': [ '1.3.2' ],
19 silly audit   'array.prototype.toreversed': [ '1.1.2' ],
19 silly audit   'array.prototype.tosorted': [ '1.1.3' ],
19 silly audit   'arraybuffer.prototype.slice': [ '1.0.3' ],
19 silly audit   asynckit: [ '0.4.0' ],
19 silly audit   'available-typed-arrays': [ '1.0.7' ],
19 silly audit   axios: [ '1.6.8' ],
19 silly audit   'babel-plugin-macros': [ '3.1.0' ],
19 silly audit   resolve: [ '1.22.8', '2.0.0-next.5' ],
19 silly audit   'balanced-match': [ '1.0.2' ],
19 silly audit   'brace-expansion': [ '1.1.11' ],
19 silly audit   browserslist: [ '4.23.0' ],
19 silly audit   'call-bind': [ '1.0.7' ],
19 silly audit   callsites: [ '3.1.0' ],
19 silly audit   camelize: [ '1.0.1' ],
19 silly audit   'caniuse-lite': [ '1.0.30001617' ],
19 silly audit   chalk: [ '2.4.2', '4.1.2' ],
19 silly audit   clsx: [ '2.1.1' ],
19 silly audit   'color-convert': [ '1.9.3', '2.0.1' ],
19 silly audit   'color-name': [ '1.1.3', '1.1.4' ],
19 silly audit   'combined-stream': [ '1.0.8' ],
19 silly audit   'concat-map': [ '0.0.1' ],
19 silly audit   cors: [ '2.8.5' ],
19 silly audit   cosmiconfig: [ '7.1.0' ],
19 silly audit   'cross-spawn': [ '7.0.3' ],
19 silly audit   'css-color-keywords': [ '1.0.0' ],
19 silly audit   'css-to-react-native': [ '3.2.0' ],
19 silly audit   csstype: [ '3.1.3' ],
19 silly audit   'data-view-buffer': [ '1.0.1' ],
19 silly audit   'data-view-byte-length': [ '1.0.1' ],
19 silly audit   'data-view-byte-offset': [ '1.0.0' ],
19 silly audit   debug: [ '4.3.4' ],
19 silly audit   'deep-is': [ '0.1.4' ],
19 silly audit   deepmerge: [ '2.2.1' ],
19 silly audit   'define-data-property': [ '1.1.4' ],
19 silly audit   'define-properties': [ '1.2.1' ],
19 silly audit   'delayed-stream': [ '1.0.0' ],
19 silly audit   doctrine: [ '3.0.0', '2.1.0' ],
19 silly audit   'dom-helpers': [ '5.2.1' ],
19 silly audit   'electron-to-chromium': [ '1.4.763' ],
19 silly audit   'error-ex': [ '1.3.2' ],
19 silly audit   'es-abstract': [ '1.23.3' ],
19 silly audit   'es-define-property': [ '1.0.0' ],
19 silly audit   'es-errors': [ '1.3.0' ],
19 silly audit   'es-iterator-helpers': [ '1.0.19' ],
19 silly audit   'es-object-atoms': [ '1.0.0' ],
19 silly audit   'es-set-tostringtag': [ '2.0.3' ],
19 silly audit   'es-shim-unscopables': [ '1.0.2' ],
19 silly audit   'es-to-primitive': [ '1.2.1' ],
19 silly audit   esbuild: [ '0.20.2' ],
19 silly audit   escalade: [ '3.1.2' ],
19 silly audit   eslint: [ '8.57.0' ],
19 silly audit   'eslint-plugin-react': [ '7.34.1' ],
19 silly audit   'eslint-plugin-react-hooks': [ '4.6.2' ],
19 silly audit   'eslint-plugin-react-refresh': [ '0.4.7' ],
19 silly audit   'eslint-scope': [ '7.2.2' ],
19 silly audit   'eslint-visitor-keys': [ '3.4.3' ],
19 silly audit   'has-flag': [ '4.0.0', '3.0.0' ],
19 silly audit   'supports-color': [ '7.2.0', '5.5.0' ],
19 silly audit   espree: [ '9.6.1' ],
19 silly audit   esquery: [ '1.5.0' ],
19 silly audit   esrecurse: [ '4.3.0' ],
19 silly audit   estraverse: [ '5.3.0' ],
19 silly audit   'estree-walker': [ '2.0.2' ],
19 silly audit   esutils: [ '2.0.3' ],
19 silly audit   exenv: [ '1.2.2' ],
19 silly audit   'fast-deep-equal': [ '3.1.3' ],
19 silly audit   'fast-json-stable-stringify': [ '2.1.0' ],
19 silly audit   'fast-levenshtein': [ '2.0.6' ],
19 silly audit   fastq: [ '1.17.1' ],
19 silly audit   'file-entry-cache': [ '6.0.1' ],
19 silly audit   'find-root': [ '1.1.0' ],
19 silly audit   'find-up': [ '5.0.0' ],
19 silly audit   'flat-cache': [ '3.2.0' ],
19 silly audit   flatted: [ '3.3.1' ],
19 silly audit   'follow-redirects': [ '1.15.6' ],
19 silly audit   'for-each': [ '0.3.3' ],
19 silly audit   'form-data': [ '4.0.0' ],
19 silly audit   formik: [ '2.4.6' ],
19 silly audit   'fs.realpath': [ '1.0.0' ],
19 silly audit   fsevents: [ '2.3.3' ],
19 silly audit   'function-bind': [ '1.1.2' ],
19 silly audit   'function.prototype.name': [ '1.1.6' ],
19 silly audit   'functions-have-names': [ '1.2.3' ],
19 silly audit   gensync: [ '1.0.0-beta.2' ],
19 silly audit   'get-intrinsic': [ '1.2.4' ],
19 silly audit   'get-symbol-description': [ '1.0.2' ],
19 silly audit   glob: [ '7.2.3' ],
19 silly audit   'glob-parent': [ '6.0.2' ],
19 silly audit   globalthis: [ '1.0.4' ],
19 silly audit   gopd: [ '1.0.1' ],
19 silly audit   graphemer: [ '1.4.0' ],
19 silly audit   'has-bigints': [ '1.0.2' ],
19 silly audit   'has-property-descriptors': [ '1.0.2' ],
19 silly audit   'has-proto': [ '1.0.3' ],
19 silly audit   'has-symbols': [ '1.0.3' ],
19 silly audit   'has-tostringtag': [ '1.0.2' ],
19 silly audit   hasown: [ '2.0.2' ],
19 silly audit   'hoist-non-react-statics': [ '3.3.2' ],
19 silly audit   'html-parse-stringify': [ '3.0.1' ],
19 silly audit   i18next: [ '23.11.5' ],
19 silly audit   'i18next-browser-languagedetector': [ '8.0.0' ],
19 silly audit   ignore: [ '5.3.1' ],
19 silly audit   immediate: [ '3.0.6' ],
19 silly audit   'import-fresh': [ '3.3.0' ],
19 silly audit   imurmurhash: [ '0.1.4' ],
19 silly audit   inflight: [ '1.0.6' ],
19 silly audit   inherits: [ '2.0.4' ],
19 silly audit   'internal-slot': [ '1.0.7' ],
19 silly audit   invariant: [ '2.2.4' ],
19 silly audit   'is-array-buffer': [ '3.0.4' ],
19 silly audit   'is-arrayish': [ '0.2.1' ],
19 silly audit   'is-async-function': [ '2.0.0' ],
19 silly audit   'is-bigint': [ '1.0.4' ],
19 silly audit   'is-boolean-object': [ '1.1.2' ],
19 silly audit   'is-callable': [ '1.2.7' ],
19 silly audit   'is-core-module': [ '2.13.1' ],
19 silly audit   'is-data-view': [ '1.0.1' ],
19 silly audit   'is-date-object': [ '1.0.5' ],
19 silly audit   'is-extglob': [ '2.1.1' ],
19 silly audit   'is-finalizationregistry': [ '1.0.2' ],
19 silly audit   'is-generator-function': [ '1.0.10' ],
19 silly audit   'is-glob': [ '4.0.3' ],
19 silly audit   'is-map': [ '2.0.3' ],
19 silly audit   'is-negative-zero': [ '2.0.3' ],
19 silly audit   'is-number-object': [ '1.0.7' ],
19 silly audit   'is-path-inside': [ '3.0.3' ],
19 silly audit   'is-regex': [ '1.1.4' ],
19 silly audit   'is-set': [ '2.0.3' ],
19 silly audit   'is-shared-array-buffer': [ '1.0.3' ],
19 silly audit   'is-string': [ '1.0.7' ],
19 silly audit   'is-symbol': [ '1.0.4' ],
19 silly audit   'is-typed-array': [ '1.1.13' ],
19 silly audit   'is-weakmap': [ '2.0.2' ],
19 silly audit   'is-weakref': [ '1.0.2' ],
19 silly audit   'is-weakset': [ '2.0.3' ],
19 silly audit   isarray: [ '2.0.5' ],
19 silly audit   isexe: [ '2.0.0' ],
19 silly audit   'iterator.prototype': [ '1.1.2' ],
19 silly audit   'js-tokens': [ '4.0.0' ],
19 silly audit   'js-yaml': [ '4.1.0' ],
19 silly audit   jsesc: [ '2.5.2' ],
19 silly audit   'json-buffer': [ '3.0.1' ],
19 silly audit   'json-parse-even-better-errors': [ '2.3.1' ],
19 silly audit   'json-schema-traverse': [ '0.4.1' ],
19 silly audit   'json-stable-stringify-without-jsonify': [ '1.0.1' ],
19 silly audit   json5: [ '2.2.3' ],
19 silly audit   'jsx-ast-utils': [ '3.3.5' ],
19 silly audit   keyv: [ '4.5.4' ],
19 silly audit   levn: [ '0.4.1' ],
19 silly audit   lie: [ '3.1.1' ],
19 silly audit   'lines-and-columns': [ '1.2.4' ],
19 silly audit   localforage: [ '1.10.0' ],
19 silly audit   'locate-path': [ '6.0.0' ],
19 silly audit   lodash: [ '4.17.21' ],
19 silly audit   'lodash-es': [ '4.17.21' ],
19 silly audit   'lodash.merge': [ '4.6.2' ],
19 silly audit   'loose-envify': [ '1.4.0' ],
19 silly audit   'lru-cache': [ '5.1.1' ],
19 silly audit   'match-sorter': [ '6.3.4' ],
19 silly audit   'mime-db': [ '1.52.0' ],
19 silly audit   'mime-types': [ '2.1.35' ],
19 silly audit   minimatch: [ '3.1.2' ],
19 silly audit   ms: [ '2.1.2' ],
19 silly audit   nanoid: [ '3.3.7' ],
19 silly audit   'natural-compare': [ '1.4.0' ],
19 silly audit   'node-releases': [ '2.0.14' ],
19 silly audit   'object-assign': [ '4.1.1' ],
19 silly audit   'object-inspect': [ '1.13.1' ],
19 silly audit   'object-keys': [ '1.1.1' ],
19 silly audit   'object-path': [ '0.6.0' ],
19 silly audit   'object.assign': [ '4.1.5' ],
19 silly audit   'object.entries': [ '1.1.8' ],
19 silly audit   'object.fromentries': [ '2.0.8' ],
19 silly audit   'object.hasown': [ '1.1.4' ],
19 silly audit   'object.values': [ '1.2.0' ],
19 silly audit   once: [ '1.4.0' ],
19 silly audit   optionator: [ '0.9.4' ],
19 silly audit   'p-limit': [ '3.1.0' ],
19 silly audit   'p-locate': [ '5.0.0' ],
19 silly audit   'parent-module': [ '1.0.1' ],
19 silly audit   'parse-json': [ '5.2.0' ],
19 silly audit   'path-exists': [ '4.0.0' ],
19 silly audit   'path-is-absolute': [ '1.0.1' ],
19 silly audit   'path-key': [ '3.1.1' ],
19 silly audit   'path-parse': [ '1.0.7' ],
19 silly audit   'path-type': [ '4.0.0' ],
19 silly audit   picocolors: [ '1.0.0' ],
19 silly audit   picomatch: [ '2.3.1' ],
19 silly audit   'possible-typed-array-names': [ '1.0.0' ],
19 silly audit   postcss: [ '8.4.38' ],
19 silly audit   'postcss-value-parser': [ '4.2.0' ],
19 silly audit   'prelude-ls': [ '1.2.1' ],
19 silly audit   'prop-types': [ '15.8.1' ],
19 silly audit   'property-expr': [ '2.0.6' ],
19 silly audit   'proxy-from-env': [ '1.1.0' ],
19 silly audit   punycode: [ '2.3.1' ],
19 silly audit   'queue-microtask': [ '1.2.3' ],
19 silly audit   react: [ '18.3.1' ],
19 silly audit   'react-dom': [ '18.3.1' ],
19 silly audit   'react-fast-compare': [ '2.0.4' ],
19 silly audit   'react-grid-system': [ '8.2.0' ],
19 silly audit   'react-hook-form': [ '7.51.5' ],
19 silly audit   'react-i18next': [ '14.1.1' ],
19 silly audit   'react-input-mask': [ '2.0.4' ],
19 silly audit   'react-lifecycles-compat': [ '3.0.4' ],
19 silly audit   'react-modal': [ '3.16.1' ],
19 silly audit   'react-router': [ '6.23.1' ],
19 silly audit   'react-router-dom': [ '6.23.1' ],
19 silly audit   'react-text-mask': [ '5.5.0' ],
19 silly audit   'react-transition-group': [ '4.4.5' ],
19 silly audit   'reflect.getprototypeof': [ '1.0.6' ],
19 silly audit   'regenerator-runtime': [ '0.14.1' ],
19 silly audit   'regexp.prototype.flags': [ '1.5.2' ],
19 silly audit   'remove-accents': [ '0.5.0' ],
19 silly audit   'resolve-from': [ '4.0.0' ],
19 silly audit   reusify: [ '1.0.4' ],
19 silly audit   rimraf: [ '3.0.2' ],
19 silly audit   rollup: [ '4.17.2' ],
19 silly audit   'run-parallel': [ '1.2.0' ],
19 silly audit   'safe-array-concat': [ '1.1.2' ],
19 silly audit   'safe-regex-test': [ '1.0.3' ],
19 silly audit   scheduler: [ '0.23.2' ],
19 silly audit   semver: [ '6.3.1' ],
19 silly audit   'set-function-length': [ '1.2.2' ],
19 silly audit   'set-function-name': [ '2.0.2' ],
19 silly audit   shallowequal: [ '1.1.0' ],
19 silly audit   'shebang-command': [ '2.0.0' ],
19 silly audit   'shebang-regex': [ '3.0.0' ],
19 silly audit   'side-channel': [ '1.0.6' ],
19 silly audit   'sort-by': [ '1.2.0' ],
19 silly audit   'source-map': [ '0.5.7' ],
19 silly audit   'source-map-js': [ '1.2.0' ],
19 silly audit   'string.prototype.matchall': [ '4.0.11' ],
19 silly audit   'string.prototype.trim': [ '1.2.9' ],
19 silly audit   'string.prototype.trimend': [ '1.0.8' ],
19 silly audit   'string.prototype.trimstart': [ '1.0.8' ],
19 silly audit   'strip-ansi': [ '6.0.1' ],
19 silly audit   'strip-json-comments': [ '3.1.1' ],
19 silly audit   'styled-components': [ '6.1.11' ],
19 silly audit   'supports-preserve-symlinks-flag': [ '1.0.0' ],
19 silly audit   swiper: [ '11.1.14' ],
19 silly audit   'text-table': [ '0.2.0' ],
19 silly audit   'tiny-case': [ '1.0.3' ],
19 silly audit   'tiny-warning': [ '1.0.3' ],
19 silly audit   'to-fast-properties': [ '2.0.0' ],
19 silly audit   toposort: [ '2.0.2' ],
19 silly audit   tslib: [ '2.6.2' ],
19 silly audit   'type-check': [ '0.4.0' ],
19 silly audit   'type-fest': [ '0.20.2', '2.19.0' ],
19 silly audit   'typed-array-buffer': [ '1.0.2' ],
19 silly audit   'typed-array-byte-length': [ '1.0.1' ],
19 silly audit   'typed-array-byte-offset': [ '1.0.2' ],
19 silly audit   'typed-array-length': [ '1.0.6' ],
19 silly audit   typescript: [ '5.4.5' ],
19 silly audit   'unbox-primitive': [ '1.0.2' ],
19 silly audit   'update-browserslist-db': [ '1.0.15' ],
19 silly audit   'uri-js': [ '4.4.1' ],
19 silly audit   vary: [ '1.1.2' ],
19 silly audit   vite: [ '5.2.11' ],
19 silly audit   'void-elements': [ '3.1.0' ],
19 silly audit   warning: [ '4.0.3' ],
19 silly audit   which: [ '2.0.2' ],
19 silly audit   'which-boxed-primitive': [ '1.0.2' ],
19 silly audit   'which-builtin-type': [ '1.1.3' ],
19 silly audit   'which-collection': [ '1.0.2' ],
19 silly audit   'which-typed-array': [ '1.1.15' ],
19 silly audit   'word-wrap': [ '1.2.5' ],
19 silly audit   wrappy: [ '1.0.2' ],
19 silly audit   yallist: [ '3.1.1' ],
19 silly audit   yaml: [ '1.10.2' ],
19 silly audit   'yocto-queue': [ '0.1.0' ],
19 silly audit   yup: [ '1.4.0' ],
19 silly audit   'bootstrap-icons': [ '1.11.3' ]
19 silly audit }
20 verbose reify failed optional dependency C:\Users\JuanR\Downloads\Common-League-Prod\node_modules\fsevents
21 silly reify mark deleted [
21 silly reify   'C:\\Users\\JuanR\\Downloads\\Common-League-Prod\\node_modules\\fsevents'
21 silly reify ]
22 verbose reify failed optional dependency C:\Users\JuanR\Downloads\Common-League-Prod\node_modules\@rollup\rollup-win32-ia32-msvc
23 silly reify mark deleted [
23 silly reify   'C:\\Users\\JuanR\\Downloads\\Common-League-Prod\\node_modules\\@rollup\\rollup-win32-ia32-msvc'
23 silly reify ]
24 verbose reify failed optional dependency C:\Users\JuanR\Downloads\Common-League-Prod\node_modules\@rollup\rollup-win32-arm64-msvc
25 silly reify mark deleted [
25 silly reify   'C:\\Users\\JuanR\\Downloads\\Common-League-Prod\\node_modules\\@rollup\\rollup-win32-arm64-msvc'
25 silly reify ]
26 verbose reify failed optional dependency C:\Users\JuanR\Downloads\Common-League-Prod\node_modules\@rollup\rollup-linux-x64-musl
27 silly reify mark deleted [
27 silly reify   'C:\\Users\\JuanR\\Downloads\\Common-League-Prod\\node_modules\\@rollup\\rollup-linux-x64-musl'
27 silly reify ]
28 verbose reify failed optional dependency C:\Users\JuanR\Downloads\Common-League-Prod\node_modules\@rollup\rollup-linux-x64-gnu
29 silly reify mark deleted [
29 silly reify   'C:\\Users\\JuanR\\Downloads\\Common-League-Prod\\node_modules\\@rollup\\rollup-linux-x64-gnu'
29 silly reify ]
30 verbose reify failed optional dependency C:\Users\JuanR\Downloads\Common-League-Prod\node_modules\@rollup\rollup-linux-s390x-gnu
31 silly reify mark deleted [
31 silly reify   'C:\\Users\\JuanR\\Downloads\\Common-League-Prod\\node_modules\\@rollup\\rollup-linux-s390x-gnu'
31 silly reify ]
32 verbose reify failed optional dependency C:\Users\JuanR\Downloads\Common-League-Prod\node_modules\@rollup\rollup-linux-riscv64-gnu
33 silly reify mark deleted [
33 silly reify   'C:\\Users\\JuanR\\Downloads\\Common-League-Prod\\node_modules\\@rollup\\rollup-linux-riscv64-gnu'
33 silly reify ]
34 verbose reify failed optional dependency C:\Users\JuanR\Downloads\Common-League-Prod\node_modules\@rollup\rollup-linux-powerpc64le-gnu
35 silly reify mark deleted [
35 silly reify   'C:\\Users\\JuanR\\Downloads\\Common-League-Prod\\node_modules\\@rollup\\rollup-linux-powerpc64le-gnu'
35 silly reify ]
36 verbose reify failed optional dependency C:\Users\JuanR\Downloads\Common-League-Prod\node_modules\@rollup\rollup-linux-arm64-musl
37 silly reify mark deleted [
37 silly reify   'C:\\Users\\JuanR\\Downloads\\Common-League-Prod\\node_modules\\@rollup\\rollup-linux-arm64-musl'
37 silly reify ]
38 verbose reify failed optional dependency C:\Users\JuanR\Downloads\Common-League-Prod\node_modules\@rollup\rollup-linux-arm64-gnu
39 silly reify mark deleted [
39 silly reify   'C:\\Users\\JuanR\\Downloads\\Common-League-Prod\\node_modules\\@rollup\\rollup-linux-arm64-gnu'
39 silly reify ]
40 verbose reify failed optional dependency C:\Users\JuanR\Downloads\Common-League-Prod\node_modules\@rollup\rollup-linux-arm-musleabihf
41 silly reify mark deleted [
41 silly reify   'C:\\Users\\JuanR\\Downloads\\Common-League-Prod\\node_modules\\@rollup\\rollup-linux-arm-musleabihf'
41 silly reify ]
42 verbose reify failed optional dependency C:\Users\JuanR\Downloads\Common-League-Prod\node_modules\@rollup\rollup-linux-arm-gnueabihf
43 silly reify mark deleted [
43 silly reify   'C:\\Users\\JuanR\\Downloads\\Common-League-Prod\\node_modules\\@rollup\\rollup-linux-arm-gnueabihf'
43 silly reify ]
44 verbose reify failed optional dependency C:\Users\JuanR\Downloads\Common-League-Prod\node_modules\@rollup\rollup-darwin-x64
45 silly reify mark deleted [
45 silly reify   'C:\\Users\\JuanR\\Downloads\\Common-League-Prod\\node_modules\\@rollup\\rollup-darwin-x64'
45 silly reify ]
46 verbose reify failed optional dependency C:\Users\JuanR\Downloads\Common-League-Prod\node_modules\@rollup\rollup-darwin-arm64
47 silly reify mark deleted [
47 silly reify   'C:\\Users\\JuanR\\Downloads\\Common-League-Prod\\node_modules\\@rollup\\rollup-darwin-arm64'
47 silly reify ]
48 verbose reify failed optional dependency C:\Users\JuanR\Downloads\Common-League-Prod\node_modules\@rollup\rollup-android-arm64
49 silly reify mark deleted [
49 silly reify   'C:\\Users\\JuanR\\Downloads\\Common-League-Prod\\node_modules\\@rollup\\rollup-android-arm64'
49 silly reify ]
50 verbose reify failed optional dependency C:\Users\JuanR\Downloads\Common-League-Prod\node_modules\@rollup\rollup-android-arm-eabi
51 silly reify mark deleted [
51 silly reify   'C:\\Users\\JuanR\\Downloads\\Common-League-Prod\\node_modules\\@rollup\\rollup-android-arm-eabi'
51 silly reify ]
52 verbose reify failed optional dependency C:\Users\JuanR\Downloads\Common-League-Prod\node_modules\@esbuild\win32-ia32
53 silly reify mark deleted [
53 silly reify   'C:\\Users\\JuanR\\Downloads\\Common-League-Prod\\node_modules\\@esbuild\\win32-ia32'
53 silly reify ]
54 verbose reify failed optional dependency C:\Users\JuanR\Downloads\Common-League-Prod\node_modules\@esbuild\win32-arm64
55 silly reify mark deleted [
55 silly reify   'C:\\Users\\JuanR\\Downloads\\Common-League-Prod\\node_modules\\@esbuild\\win32-arm64'
55 silly reify ]
56 verbose reify failed optional dependency C:\Users\JuanR\Downloads\Common-League-Prod\node_modules\@esbuild\sunos-x64
57 silly reify mark deleted [
57 silly reify   'C:\\Users\\JuanR\\Downloads\\Common-League-Prod\\node_modules\\@esbuild\\sunos-x64'
57 silly reify ]
58 verbose reify failed optional dependency C:\Users\JuanR\Downloads\Common-League-Prod\node_modules\@esbuild\openbsd-x64
59 silly reify mark deleted [
59 silly reify   'C:\\Users\\JuanR\\Downloads\\Common-League-Prod\\node_modules\\@esbuild\\openbsd-x64'
59 silly reify ]
60 verbose reify failed optional dependency C:\Users\JuanR\Downloads\Common-League-Prod\node_modules\@esbuild\netbsd-x64
61 silly reify mark deleted [
61 silly reify   'C:\\Users\\JuanR\\Downloads\\Common-League-Prod\\node_modules\\@esbuild\\netbsd-x64'
61 silly reify ]
62 verbose reify failed optional dependency C:\Users\JuanR\Downloads\Common-League-Prod\node_modules\@esbuild\linux-x64
63 silly reify mark deleted [
63 silly reify   'C:\\Users\\JuanR\\Downloads\\Common-League-Prod\\node_modules\\@esbuild\\linux-x64'
63 silly reify ]
64 verbose reify failed optional dependency C:\Users\JuanR\Downloads\Common-League-Prod\node_modules\@esbuild\linux-s390x
65 silly reify mark deleted [
65 silly reify   'C:\\Users\\JuanR\\Downloads\\Common-League-Prod\\node_modules\\@esbuild\\linux-s390x'
65 silly reify ]
66 verbose reify failed optional dependency C:\Users\JuanR\Downloads\Common-League-Prod\node_modules\@esbuild\linux-riscv64
67 silly reify mark deleted [
67 silly reify   'C:\\Users\\JuanR\\Downloads\\Common-League-Prod\\node_modules\\@esbuild\\linux-riscv64'
67 silly reify ]
68 verbose reify failed optional dependency C:\Users\JuanR\Downloads\Common-League-Prod\node_modules\@esbuild\linux-ppc64
69 silly reify mark deleted [
69 silly reify   'C:\\Users\\JuanR\\Downloads\\Common-League-Prod\\node_modules\\@esbuild\\linux-ppc64'
69 silly reify ]
70 verbose reify failed optional dependency C:\Users\JuanR\Downloads\Common-League-Prod\node_modules\@esbuild\linux-mips64el
71 silly reify mark deleted [
71 silly reify   'C:\\Users\\JuanR\\Downloads\\Common-League-Prod\\node_modules\\@esbuild\\linux-mips64el'
71 silly reify ]
72 verbose reify failed optional dependency C:\Users\JuanR\Downloads\Common-League-Prod\node_modules\@esbuild\linux-loong64
73 silly reify mark deleted [
73 silly reify   'C:\\Users\\JuanR\\Downloads\\Common-League-Prod\\node_modules\\@esbuild\\linux-loong64'
73 silly reify ]
74 verbose reify failed optional dependency C:\Users\JuanR\Downloads\Common-League-Prod\node_modules\@esbuild\linux-ia32
75 silly reify mark deleted [
75 silly reify   'C:\\Users\\JuanR\\Downloads\\Common-League-Prod\\node_modules\\@esbuild\\linux-ia32'
75 silly reify ]
76 verbose reify failed optional dependency C:\Users\JuanR\Downloads\Common-League-Prod\node_modules\@esbuild\linux-arm64
77 silly reify mark deleted [
77 silly reify   'C:\\Users\\JuanR\\Downloads\\Common-League-Prod\\node_modules\\@esbuild\\linux-arm64'
77 silly reify ]
78 verbose reify failed optional dependency C:\Users\JuanR\Downloads\Common-League-Prod\node_modules\@esbuild\linux-arm
79 silly reify mark deleted [
79 silly reify   'C:\\Users\\JuanR\\Downloads\\Common-League-Prod\\node_modules\\@esbuild\\linux-arm'
79 silly reify ]
80 verbose reify failed optional dependency C:\Users\JuanR\Downloads\Common-League-Prod\node_modules\@esbuild\freebsd-x64
81 silly reify mark deleted [
81 silly reify   'C:\\Users\\JuanR\\Downloads\\Common-League-Prod\\node_modules\\@esbuild\\freebsd-x64'
81 silly reify ]
82 verbose reify failed optional dependency C:\Users\JuanR\Downloads\Common-League-Prod\node_modules\@esbuild\freebsd-arm64
83 silly reify mark deleted [
83 silly reify   'C:\\Users\\JuanR\\Downloads\\Common-League-Prod\\node_modules\\@esbuild\\freebsd-arm64'
83 silly reify ]
84 verbose reify failed optional dependency C:\Users\JuanR\Downloads\Common-League-Prod\node_modules\@esbuild\darwin-x64
85 silly reify mark deleted [
85 silly reify   'C:\\Users\\JuanR\\Downloads\\Common-League-Prod\\node_modules\\@esbuild\\darwin-x64'
85 silly reify ]
86 verbose reify failed optional dependency C:\Users\JuanR\Downloads\Common-League-Prod\node_modules\@esbuild\darwin-arm64
87 silly reify mark deleted [
87 silly reify   'C:\\Users\\JuanR\\Downloads\\Common-League-Prod\\node_modules\\@esbuild\\darwin-arm64'
87 silly reify ]
88 verbose reify failed optional dependency C:\Users\JuanR\Downloads\Common-League-Prod\node_modules\@esbuild\android-x64
89 silly reify mark deleted [
89 silly reify   'C:\\Users\\JuanR\\Downloads\\Common-League-Prod\\node_modules\\@esbuild\\android-x64'
89 silly reify ]
90 verbose reify failed optional dependency C:\Users\JuanR\Downloads\Common-League-Prod\node_modules\@esbuild\android-arm64
91 silly reify mark deleted [
91 silly reify   'C:\\Users\\JuanR\\Downloads\\Common-League-Prod\\node_modules\\@esbuild\\android-arm64'
91 silly reify ]
92 verbose reify failed optional dependency C:\Users\JuanR\Downloads\Common-League-Prod\node_modules\@esbuild\android-arm
93 silly reify mark deleted [
93 silly reify   'C:\\Users\\JuanR\\Downloads\\Common-League-Prod\\node_modules\\@esbuild\\android-arm'
93 silly reify ]
94 verbose reify failed optional dependency C:\Users\JuanR\Downloads\Common-League-Prod\node_modules\@esbuild\aix-ppc64
95 silly reify mark deleted [
95 silly reify   'C:\\Users\\JuanR\\Downloads\\Common-League-Prod\\node_modules\\@esbuild\\aix-ppc64'
95 silly reify ]
96 silly tarball no local data for bootstrap-icons@https://registry.npmjs.org/bootstrap-icons/-/bootstrap-icons-1.11.3.tgz. Extracting by manifest.
97 http fetch POST 200 https://registry.npmjs.org/-/npm/v1/security/advisories/bulk 248ms
98 silly audit report {
98 silly audit report   axios: [
98 silly audit report     {
98 silly audit report       id: 1098583,
98 silly audit report       url: 'https://github.com/advisories/GHSA-8hc4-vh64-cxmj',
98 silly audit report       title: 'Server-Side Request Forgery in axios',
98 silly audit report       severity: 'high',
98 silly audit report       vulnerable_versions: '>=1.3.2 <=1.7.3',
98 silly audit report       cwe: [Array],
98 silly audit report       cvss: [Object]
98 silly audit report     }
98 silly audit report   ],
98 silly audit report   'object-path': [
98 silly audit report     {
98 silly audit report       id: 1093573,
98 silly audit report       url: 'https://github.com/advisories/GHSA-v39p-96qg-c8rf',
98 silly audit report       title: 'Prototype Pollution in object-path',
98 silly audit report       severity: 'moderate',
98 silly audit report       vulnerable_versions: '<0.11.6',
98 silly audit report       cwe: [Array],
98 silly audit report       cvss: [Object]
98 silly audit report     },
98 silly audit report     {
98 silly audit report       id: 1095139,
98 silly audit report       url: 'https://github.com/advisories/GHSA-cwx2-736x-mf6w',
98 silly audit report       title: 'Prototype pollution in object-path',
98 silly audit report       severity: 'high',
98 silly audit report       vulnerable_versions: '<0.11.5',
98 silly audit report       cwe: [Array],
98 silly audit report       cvss: [Object]
98 silly audit report     },
98 silly audit report     {
98 silly audit report       id: 1095140,
98 silly audit report       url: 'https://github.com/advisories/GHSA-8v63-cqqc-6r2c',
98 silly audit report       title: 'Prototype Pollution in object-path',
98 silly audit report       severity: 'high',
98 silly audit report       vulnerable_versions: '<0.11.8',
98 silly audit report       cwe: [Array],
98 silly audit report       cvss: [Object]
98 silly audit report     }
98 silly audit report   ],
98 silly audit report   rollup: [
98 silly audit report     {
98 silly audit report       id: 1099717,
98 silly audit report       url: 'https://github.com/advisories/GHSA-gcx4-mw62-g8wm',
98 silly audit report       title: 'DOM Clobbering Gadget found in rollup bundled scripts that leads to XSS',
98 silly audit report       severity: 'high',
98 silly audit report       vulnerable_versions: '>=4.0.0 <4.22.4',
98 silly audit report       cwe: [Array],
98 silly audit report       cvss: [Object]
98 silly audit report     }
98 silly audit report   ],
98 silly audit report   vite: [
98 silly audit report     {
98 silly audit report       id: 1099688,
98 silly audit report       url: 'https://github.com/advisories/GHSA-9cwx-2883-4wfx',
98 silly audit report       title: "Vite's `server.fs.deny` is bypassed when using `?import&raw`",
98 silly audit report       severity: 'moderate',
98 silly audit report       vulnerable_versions: '>=5.2.0 <5.2.14',
98 silly audit report       cwe: [Array],
98 silly audit report       cvss: [Object]
98 silly audit report     },
98 silly audit report     {
98 silly audit report       id: 1099691,
98 silly audit report       url: 'https://github.com/advisories/GHSA-64vr-g452-qvp3',
98 silly audit report       title: 'Vite DOM Clobbering gadget found in vite bundled scripts that leads to XSS',
98 silly audit report       severity: 'moderate',
98 silly audit report       vulnerable_versions: '>=5.2.0 <5.2.14',
98 silly audit report       cwe: [Array],
98 silly audit report       cvss: [Object]
98 silly audit report     }
98 silly audit report   ]
98 silly audit report }
99 http fetch GET 200 https://registry.npmjs.org/axios 69ms (cache revalidated)
100 http fetch GET 200 https://registry.npmjs.org/object-path 80ms (cache revalidated)
101 http fetch GET 200 https://registry.npmjs.org/vite 112ms (cache revalidated)
102 http fetch GET 200 https://registry.npmjs.org/rollup 163ms (cache revalidated)
103 http fetch GET 200 https://registry.npmjs.org/sort-by 638ms (cache revalidated)
104 http fetch GET 200 https://registry.npmjs.org/@vitejs%2fplugin-react 79ms (cache revalidated)
105 http fetch GET 200 https://registry.npmjs.org/bootstrap-icons/-/bootstrap-icons-1.11.3.tgz 3259ms (cache miss)
106 silly ADD node_modules/bootstrap-icons
107 silly ADD
108 silly ADD
109 silly ADD
110 silly ADD
111 silly ADD
112 silly ADD
113 silly ADD
114 silly ADD
115 silly ADD
116 silly ADD
117 silly ADD
118 silly ADD
119 silly ADD
120 silly ADD
121 silly ADD
122 silly ADD
123 silly ADD
124 silly ADD
125 silly ADD
126 silly ADD
127 silly ADD
128 silly ADD
129 silly ADD
130 silly ADD
131 silly ADD
132 silly ADD
133 silly ADD
134 silly ADD
135 silly ADD
136 silly ADD
137 silly ADD
138 silly ADD
139 silly ADD
140 silly ADD
141 silly ADD
142 silly ADD
143 silly ADD
144 silly ADD
145 silly ADD node_modules/@emotion/cache/node_modules/stylis
146 verbose exit 0
147 info ok
