0 verbose cli C:\Program Files\nodejs\node.exe C:\Users\JuanR\AppData\Roaming\npm\node_modules\npm\bin\npm-cli.js
1 info using npm@10.7.0
2 info using node@v21.5.0
3 silly config:load:file:C:\Users\JuanR\AppData\Roaming\npm\node_modules\npm\npmrc
4 silly config:load:file:C:\Users\JuanR\Downloads\Common-League-16f2336508bf29e28351de10a55e68d0318b74e0\Common-League-16f2336508bf29e28351de10a55e68d0318b74e0\.npmrc
5 silly config:load:file:C:\Users\JuanR\.npmrc
6 silly config:load:file:C:\Users\JuanR\AppData\Roaming\npm\etc\npmrc
7 verbose title npm install swiper@latest
8 verbose argv "install" "swiper@latest"
9 verbose logfile logs-max:10 dir:C:\Users\JuanR\Downloads\Common-League-16f2336508bf29e28351de10a55e68d0318b74e0\Common-League-16f2336508bf29e28351de10a55e68d0318b74e0\UsersJuanRAppDataRoamingnpm-cache\_logs\2024-09-25T13_40_52_943Z-
10 verbose logfile C:\Users\JuanR\Downloads\Common-League-16f2336508bf29e28351de10a55e68d0318b74e0\Common-League-16f2336508bf29e28351de10a55e68d0318b74e0\UsersJuanRAppDataRoamingnpm-cache\_logs\2024-09-25T13_40_52_943Z-debug-0.log
11 silly logfile start cleaning logs, removing 2 files
12 silly logfile done cleaning log files
13 http fetch GET 200 https://registry.npmjs.org/swiper 305ms (cache hit)
14 silly idealTree buildDeps
15 silly fetch manifest swiper@11.1.14
16 silly placeDep ROOT swiper@11.1.14 REPLACE for: commom-league@0.0.0 want: 11.1.14
17 silly reify moves {}
18 silly audit bulk request {
18 silly audit   '@ampproject/remapping': [ '2.3.0' ],
18 silly audit   '@babel/code-frame': [ '7.24.2' ],
18 silly audit   '@babel/compat-data': [ '7.24.4' ],
18 silly audit   '@babel/core': [ '7.24.5' ],
18 silly audit   '@babel/generator': [ '7.24.5' ],
18 silly audit   '@babel/helper-compilation-targets': [ '7.23.6' ],
18 silly audit   '@babel/helper-environment-visitor': [ '7.22.20' ],
18 silly audit   '@babel/helper-function-name': [ '7.23.0' ],
18 silly audit   '@babel/helper-hoist-variables': [ '7.22.5' ],
18 silly audit   '@babel/helper-module-imports': [ '7.24.3' ],
18 silly audit   '@babel/helper-module-transforms': [ '7.24.5' ],
18 silly audit   '@babel/helper-plugin-utils': [ '7.24.5' ],
18 silly audit   '@babel/helper-simple-access': [ '7.24.5' ],
18 silly audit   '@babel/helper-split-export-declaration': [ '7.24.5' ],
18 silly audit   '@babel/helper-string-parser': [ '7.24.1' ],
18 silly audit   '@babel/helper-validator-identifier': [ '7.24.5' ],
18 silly audit   '@babel/helper-validator-option': [ '7.23.5' ],
18 silly audit   '@babel/helpers': [ '7.24.5' ],
18 silly audit   '@babel/highlight': [ '7.24.5' ],
18 silly audit   '@babel/parser': [ '7.24.5' ],
18 silly audit   '@babel/plugin-transform-react-jsx-self': [ '7.24.5' ],
18 silly audit   '@babel/plugin-transform-react-jsx-source': [ '7.24.1' ],
18 silly audit   '@babel/runtime': [ '7.24.5' ],
18 silly audit   '@babel/template': [ '7.24.0' ],
18 silly audit   '@babel/traverse': [ '7.24.5' ],
18 silly audit   '@babel/types': [ '7.24.5' ],
18 silly audit   '@emotion/babel-plugin': [ '11.11.0' ],
18 silly audit   'convert-source-map': [ '1.9.0', '2.0.0' ],
18 silly audit   'escape-string-regexp': [ '4.0.0', '1.0.5' ],
18 silly audit   stylis: [ '4.2.0', '4.3.2' ],
18 silly audit   '@emotion/cache': [ '11.11.0' ],
18 silly audit   '@emotion/hash': [ '0.9.1' ],
18 silly audit   '@emotion/is-prop-valid': [ '1.2.2' ],
18 silly audit   '@emotion/memoize': [ '0.8.1' ],
18 silly audit   '@emotion/react': [ '11.11.4' ],
18 silly audit   '@emotion/serialize': [ '1.1.4' ],
18 silly audit   '@emotion/sheet': [ '1.2.2' ],
18 silly audit   '@emotion/styled': [ '11.11.5' ],
18 silly audit   '@emotion/unitless': [ '0.8.1' ],
18 silly audit   '@emotion/use-insertion-effect-with-fallbacks': [ '1.0.1' ],
18 silly audit   '@emotion/utils': [ '1.2.1' ],
18 silly audit   '@emotion/weak-memoize': [ '0.3.1' ],
18 silly audit   '@esbuild/aix-ppc64': [ '0.20.2' ],
18 silly audit   '@esbuild/android-arm': [ '0.20.2' ],
18 silly audit   '@esbuild/android-arm64': [ '0.20.2' ],
18 silly audit   '@esbuild/android-x64': [ '0.20.2' ],
18 silly audit   '@esbuild/darwin-arm64': [ '0.20.2' ],
18 silly audit   '@esbuild/darwin-x64': [ '0.20.2' ],
18 silly audit   '@esbuild/freebsd-arm64': [ '0.20.2' ],
18 silly audit   '@esbuild/freebsd-x64': [ '0.20.2' ],
18 silly audit   '@esbuild/linux-arm': [ '0.20.2' ],
18 silly audit   '@esbuild/linux-arm64': [ '0.20.2' ],
18 silly audit   '@esbuild/linux-ia32': [ '0.20.2' ],
18 silly audit   '@esbuild/linux-loong64': [ '0.20.2' ],
18 silly audit   '@esbuild/linux-mips64el': [ '0.20.2' ],
18 silly audit   '@esbuild/linux-ppc64': [ '0.20.2' ],
18 silly audit   '@esbuild/linux-riscv64': [ '0.20.2' ],
18 silly audit   '@esbuild/linux-s390x': [ '0.20.2' ],
18 silly audit   '@esbuild/linux-x64': [ '0.20.2' ],
18 silly audit   '@esbuild/netbsd-x64': [ '0.20.2' ],
18 silly audit   '@esbuild/openbsd-x64': [ '0.20.2' ],
18 silly audit   '@esbuild/sunos-x64': [ '0.20.2' ],
18 silly audit   '@esbuild/win32-arm64': [ '0.20.2' ],
18 silly audit   '@esbuild/win32-ia32': [ '0.20.2' ],
18 silly audit   '@esbuild/win32-x64': [ '0.20.2' ],
18 silly audit   '@eslint-community/eslint-utils': [ '4.4.0' ],
18 silly audit   '@eslint-community/regexpp': [ '4.10.0' ],
18 silly audit   '@eslint/eslintrc': [ '2.1.4' ],
18 silly audit   globals: [ '13.24.0', '11.12.0' ],
18 silly audit   '@eslint/js': [ '8.57.0' ],
18 silly audit   '@humanwhocodes/config-array': [ '0.11.14' ],
18 silly audit   '@humanwhocodes/module-importer': [ '1.0.1' ],
18 silly audit   '@humanwhocodes/object-schema': [ '2.0.3' ],
18 silly audit   '@jridgewell/gen-mapping': [ '0.3.5' ],
18 silly audit   '@jridgewell/resolve-uri': [ '3.1.2' ],
18 silly audit   '@jridgewell/set-array': [ '1.2.1' ],
18 silly audit   '@jridgewell/sourcemap-codec': [ '1.4.15' ],
18 silly audit   '@jridgewell/trace-mapping': [ '0.3.25' ],
18 silly audit   '@nodelib/fs.scandir': [ '2.1.5' ],
18 silly audit   '@nodelib/fs.stat': [ '2.0.5' ],
18 silly audit   '@nodelib/fs.walk': [ '1.2.8' ],
18 silly audit   '@remix-run/router': [ '1.16.1' ],
18 silly audit   '@rollup/pluginutils': [ '4.2.1' ],
18 silly audit   '@rollup/rollup-android-arm-eabi': [ '4.17.2' ],
18 silly audit   '@rollup/rollup-android-arm64': [ '4.17.2' ],
18 silly audit   '@rollup/rollup-darwin-arm64': [ '4.17.2' ],
18 silly audit   '@rollup/rollup-darwin-x64': [ '4.17.2' ],
18 silly audit   '@rollup/rollup-linux-arm-gnueabihf': [ '4.17.2' ],
18 silly audit   '@rollup/rollup-linux-arm-musleabihf': [ '4.17.2' ],
18 silly audit   '@rollup/rollup-linux-arm64-gnu': [ '4.17.2' ],
18 silly audit   '@rollup/rollup-linux-arm64-musl': [ '4.17.2' ],
18 silly audit   '@rollup/rollup-linux-powerpc64le-gnu': [ '4.17.2' ],
18 silly audit   '@rollup/rollup-linux-riscv64-gnu': [ '4.17.2' ],
18 silly audit   '@rollup/rollup-linux-s390x-gnu': [ '4.17.2' ],
18 silly audit   '@rollup/rollup-linux-x64-gnu': [ '4.17.2' ],
18 silly audit   '@rollup/rollup-linux-x64-musl': [ '4.17.2' ],
18 silly audit   '@rollup/rollup-win32-arm64-msvc': [ '4.17.2' ],
18 silly audit   '@rollup/rollup-win32-ia32-msvc': [ '4.17.2' ],
18 silly audit   '@rollup/rollup-win32-x64-msvc': [ '4.17.2' ],
18 silly audit   '@tanstack/query-core': [ '5.36.1' ],
18 silly audit   '@tanstack/react-query': [ '5.37.1' ],
18 silly audit   '@types/babel__core': [ '7.20.5' ],
18 silly audit   '@types/babel__generator': [ '7.6.8' ],
18 silly audit   '@types/babel__template': [ '7.4.4' ],
18 silly audit   '@types/babel__traverse': [ '7.20.5' ],
18 silly audit   '@types/estree': [ '1.0.5' ],
18 silly audit   '@types/hoist-non-react-statics': [ '3.3.5' ],
18 silly audit   '@types/parse-json': [ '4.0.2' ],
18 silly audit   '@types/prop-types': [ '15.7.12' ],
18 silly audit   '@types/react': [ '18.3.2' ],
18 silly audit   '@types/react-dom': [ '18.3.0' ],
18 silly audit   '@types/stylis': [ '4.2.5' ],
18 silly audit   '@ungap/structured-clone': [ '1.2.0' ],
18 silly audit   '@vitejs/plugin-react': [ '4.2.1' ],
18 silly audit   '@vitejs/plugin-react-refresh': [ '1.3.6' ],
18 silly audit   'react-refresh': [ '0.10.0', '0.14.2' ],
18 silly audit   acorn: [ '8.11.3' ],
18 silly audit   'acorn-jsx': [ '5.3.2' ],
18 silly audit   ajv: [ '6.12.6' ],
18 silly audit   'ansi-regex': [ '5.0.1' ],
18 silly audit   'ansi-styles': [ '3.2.1', '4.3.0' ],
18 silly audit   argparse: [ '2.0.1' ],
18 silly audit   'array-buffer-byte-length': [ '1.0.1' ],
18 silly audit   'array-includes': [ '3.1.8' ],
18 silly audit   'array.prototype.findlast': [ '1.2.5' ],
18 silly audit   'array.prototype.flat': [ '1.3.2' ],
18 silly audit   'array.prototype.flatmap': [ '1.3.2' ],
18 silly audit   'array.prototype.toreversed': [ '1.1.2' ],
18 silly audit   'array.prototype.tosorted': [ '1.1.3' ],
18 silly audit   'arraybuffer.prototype.slice': [ '1.0.3' ],
18 silly audit   asynckit: [ '0.4.0' ],
18 silly audit   'available-typed-arrays': [ '1.0.7' ],
18 silly audit   axios: [ '1.6.8' ],
18 silly audit   'babel-plugin-macros': [ '3.1.0' ],
18 silly audit   resolve: [ '1.22.8', '2.0.0-next.5' ],
18 silly audit   'balanced-match': [ '1.0.2' ],
18 silly audit   'brace-expansion': [ '1.1.11' ],
18 silly audit   browserslist: [ '4.23.0' ],
18 silly audit   'call-bind': [ '1.0.7' ],
18 silly audit   callsites: [ '3.1.0' ],
18 silly audit   camelize: [ '1.0.1' ],
18 silly audit   'caniuse-lite': [ '1.0.30001617' ],
18 silly audit   chalk: [ '2.4.2', '4.1.2' ],
18 silly audit   'color-convert': [ '1.9.3', '2.0.1' ],
18 silly audit   'color-name': [ '1.1.3', '1.1.4' ],
18 silly audit   'combined-stream': [ '1.0.8' ],
18 silly audit   'concat-map': [ '0.0.1' ],
18 silly audit   cors: [ '2.8.5' ],
18 silly audit   cosmiconfig: [ '7.1.0' ],
18 silly audit   'cross-spawn': [ '7.0.3' ],
18 silly audit   'css-color-keywords': [ '1.0.0' ],
18 silly audit   'css-to-react-native': [ '3.2.0' ],
18 silly audit   csstype: [ '3.1.3' ],
18 silly audit   'data-view-buffer': [ '1.0.1' ],
18 silly audit   'data-view-byte-length': [ '1.0.1' ],
18 silly audit   'data-view-byte-offset': [ '1.0.0' ],
18 silly audit   debug: [ '4.3.4' ],
18 silly audit   'deep-is': [ '0.1.4' ],
18 silly audit   deepmerge: [ '2.2.1' ],
18 silly audit   'define-data-property': [ '1.1.4' ],
18 silly audit   'define-properties': [ '1.2.1' ],
18 silly audit   'delayed-stream': [ '1.0.0' ],
18 silly audit   doctrine: [ '3.0.0', '2.1.0' ],
18 silly audit   'electron-to-chromium': [ '1.4.763' ],
18 silly audit   'error-ex': [ '1.3.2' ],
18 silly audit   'es-abstract': [ '1.23.3' ],
18 silly audit   'es-define-property': [ '1.0.0' ],
18 silly audit   'es-errors': [ '1.3.0' ],
18 silly audit   'es-iterator-helpers': [ '1.0.19' ],
18 silly audit   'es-object-atoms': [ '1.0.0' ],
18 silly audit   'es-set-tostringtag': [ '2.0.3' ],
18 silly audit   'es-shim-unscopables': [ '1.0.2' ],
18 silly audit   'es-to-primitive': [ '1.2.1' ],
18 silly audit   esbuild: [ '0.20.2' ],
18 silly audit   escalade: [ '3.1.2' ],
18 silly audit   eslint: [ '8.57.0' ],
18 silly audit   'eslint-plugin-react': [ '7.34.1' ],
18 silly audit   'eslint-plugin-react-hooks': [ '4.6.2' ],
18 silly audit   'eslint-plugin-react-refresh': [ '0.4.7' ],
18 silly audit   'eslint-scope': [ '7.2.2' ],
18 silly audit   'eslint-visitor-keys': [ '3.4.3' ],
18 silly audit   'has-flag': [ '4.0.0', '3.0.0' ],
18 silly audit   'supports-color': [ '7.2.0', '5.5.0' ],
18 silly audit   espree: [ '9.6.1' ],
18 silly audit   esquery: [ '1.5.0' ],
18 silly audit   esrecurse: [ '4.3.0' ],
18 silly audit   estraverse: [ '5.3.0' ],
18 silly audit   'estree-walker': [ '2.0.2' ],
18 silly audit   esutils: [ '2.0.3' ],
18 silly audit   exenv: [ '1.2.2' ],
18 silly audit   'fast-deep-equal': [ '3.1.3' ],
18 silly audit   'fast-json-stable-stringify': [ '2.1.0' ],
18 silly audit   'fast-levenshtein': [ '2.0.6' ],
18 silly audit   fastq: [ '1.17.1' ],
18 silly audit   'file-entry-cache': [ '6.0.1' ],
18 silly audit   'find-root': [ '1.1.0' ],
18 silly audit   'find-up': [ '5.0.0' ],
18 silly audit   'flat-cache': [ '3.2.0' ],
18 silly audit   flatted: [ '3.3.1' ],
18 silly audit   'follow-redirects': [ '1.15.6' ],
18 silly audit   'for-each': [ '0.3.3' ],
18 silly audit   'form-data': [ '4.0.0' ],
18 silly audit   formik: [ '2.4.6' ],
18 silly audit   'fs.realpath': [ '1.0.0' ],
18 silly audit   fsevents: [ '2.3.3' ],
18 silly audit   'function-bind': [ '1.1.2' ],
18 silly audit   'function.prototype.name': [ '1.1.6' ],
18 silly audit   'functions-have-names': [ '1.2.3' ],
18 silly audit   gensync: [ '1.0.0-beta.2' ],
18 silly audit   'get-intrinsic': [ '1.2.4' ],
18 silly audit   'get-symbol-description': [ '1.0.2' ],
18 silly audit   glob: [ '7.2.3' ],
18 silly audit   'glob-parent': [ '6.0.2' ],
18 silly audit   globalthis: [ '1.0.4' ],
18 silly audit   gopd: [ '1.0.1' ],
18 silly audit   graphemer: [ '1.4.0' ],
18 silly audit   'has-bigints': [ '1.0.2' ],
18 silly audit   'has-property-descriptors': [ '1.0.2' ],
18 silly audit   'has-proto': [ '1.0.3' ],
18 silly audit   'has-symbols': [ '1.0.3' ],
18 silly audit   'has-tostringtag': [ '1.0.2' ],
18 silly audit   hasown: [ '2.0.2' ],
18 silly audit   'hoist-non-react-statics': [ '3.3.2' ],
18 silly audit   'html-parse-stringify': [ '3.0.1' ],
18 silly audit   i18next: [ '23.11.5' ],
18 silly audit   'i18next-browser-languagedetector': [ '8.0.0' ],
18 silly audit   ignore: [ '5.3.1' ],
18 silly audit   immediate: [ '3.0.6' ],
18 silly audit   'import-fresh': [ '3.3.0' ],
18 silly audit   imurmurhash: [ '0.1.4' ],
18 silly audit   inflight: [ '1.0.6' ],
18 silly audit   inherits: [ '2.0.4' ],
18 silly audit   'internal-slot': [ '1.0.7' ],
18 silly audit   invariant: [ '2.2.4' ],
18 silly audit   'is-array-buffer': [ '3.0.4' ],
18 silly audit   'is-arrayish': [ '0.2.1' ],
18 silly audit   'is-async-function': [ '2.0.0' ],
18 silly audit   'is-bigint': [ '1.0.4' ],
18 silly audit   'is-boolean-object': [ '1.1.2' ],
18 silly audit   'is-callable': [ '1.2.7' ],
18 silly audit   'is-core-module': [ '2.13.1' ],
18 silly audit   'is-data-view': [ '1.0.1' ],
18 silly audit   'is-date-object': [ '1.0.5' ],
18 silly audit   'is-extglob': [ '2.1.1' ],
18 silly audit   'is-finalizationregistry': [ '1.0.2' ],
18 silly audit   'is-generator-function': [ '1.0.10' ],
18 silly audit   'is-glob': [ '4.0.3' ],
18 silly audit   'is-map': [ '2.0.3' ],
18 silly audit   'is-negative-zero': [ '2.0.3' ],
18 silly audit   'is-number-object': [ '1.0.7' ],
18 silly audit   'is-path-inside': [ '3.0.3' ],
18 silly audit   'is-regex': [ '1.1.4' ],
18 silly audit   'is-set': [ '2.0.3' ],
18 silly audit   'is-shared-array-buffer': [ '1.0.3' ],
18 silly audit   'is-string': [ '1.0.7' ],
18 silly audit   'is-symbol': [ '1.0.4' ],
18 silly audit   'is-typed-array': [ '1.1.13' ],
18 silly audit   'is-weakmap': [ '2.0.2' ],
18 silly audit   'is-weakref': [ '1.0.2' ],
18 silly audit   'is-weakset': [ '2.0.3' ],
18 silly audit   isarray: [ '2.0.5' ],
18 silly audit   isexe: [ '2.0.0' ],
18 silly audit   'iterator.prototype': [ '1.1.2' ],
18 silly audit   'js-tokens': [ '4.0.0' ],
18 silly audit   'js-yaml': [ '4.1.0' ],
18 silly audit   jsesc: [ '2.5.2' ],
18 silly audit   'json-buffer': [ '3.0.1' ],
18 silly audit   'json-parse-even-better-errors': [ '2.3.1' ],
18 silly audit   'json-schema-traverse': [ '0.4.1' ],
18 silly audit   'json-stable-stringify-without-jsonify': [ '1.0.1' ],
18 silly audit   json5: [ '2.2.3' ],
18 silly audit   'jsx-ast-utils': [ '3.3.5' ],
18 silly audit   keyv: [ '4.5.4' ],
18 silly audit   levn: [ '0.4.1' ],
18 silly audit   lie: [ '3.1.1' ],
18 silly audit   'lines-and-columns': [ '1.2.4' ],
18 silly audit   localforage: [ '1.10.0' ],
18 silly audit   'locate-path': [ '6.0.0' ],
18 silly audit   lodash: [ '4.17.21' ],
18 silly audit   'lodash-es': [ '4.17.21' ],
18 silly audit   'lodash.merge': [ '4.6.2' ],
18 silly audit   'loose-envify': [ '1.4.0' ],
18 silly audit   'lru-cache': [ '5.1.1' ],
18 silly audit   'match-sorter': [ '6.3.4' ],
18 silly audit   'mime-db': [ '1.52.0' ],
18 silly audit   'mime-types': [ '2.1.35' ],
18 silly audit   minimatch: [ '3.1.2' ],
18 silly audit   ms: [ '2.1.2' ],
18 silly audit   nanoid: [ '3.3.7' ],
18 silly audit   'natural-compare': [ '1.4.0' ],
18 silly audit   'node-releases': [ '2.0.14' ],
18 silly audit   'object-assign': [ '4.1.1' ],
18 silly audit   'object-inspect': [ '1.13.1' ],
18 silly audit   'object-keys': [ '1.1.1' ],
18 silly audit   'object-path': [ '0.6.0' ],
18 silly audit   'object.assign': [ '4.1.5' ],
18 silly audit   'object.entries': [ '1.1.8' ],
18 silly audit   'object.fromentries': [ '2.0.8' ],
18 silly audit   'object.hasown': [ '1.1.4' ],
18 silly audit   'object.values': [ '1.2.0' ],
18 silly audit   once: [ '1.4.0' ],
18 silly audit   optionator: [ '0.9.4' ],
18 silly audit   'p-limit': [ '3.1.0' ],
18 silly audit   'p-locate': [ '5.0.0' ],
18 silly audit   'parent-module': [ '1.0.1' ],
18 silly audit   'parse-json': [ '5.2.0' ],
18 silly audit   'path-exists': [ '4.0.0' ],
18 silly audit   'path-is-absolute': [ '1.0.1' ],
18 silly audit   'path-key': [ '3.1.1' ],
18 silly audit   'path-parse': [ '1.0.7' ],
18 silly audit   'path-type': [ '4.0.0' ],
18 silly audit   picocolors: [ '1.0.0' ],
18 silly audit   picomatch: [ '2.3.1' ],
18 silly audit   'possible-typed-array-names': [ '1.0.0' ],
18 silly audit   postcss: [ '8.4.38' ],
18 silly audit   'postcss-value-parser': [ '4.2.0' ],
18 silly audit   'prelude-ls': [ '1.2.1' ],
18 silly audit   'prop-types': [ '15.8.1' ],
18 silly audit   'property-expr': [ '2.0.6' ],
18 silly audit   'proxy-from-env': [ '1.1.0' ],
18 silly audit   punycode: [ '2.3.1' ],
18 silly audit   'queue-microtask': [ '1.2.3' ],
18 silly audit   react: [ '18.3.1' ],
18 silly audit   'react-dom': [ '18.3.1' ],
18 silly audit   'react-fast-compare': [ '2.0.4' ],
18 silly audit   'react-grid-system': [ '8.2.0' ],
18 silly audit   'react-hook-form': [ '7.51.5' ],
18 silly audit   'react-i18next': [ '14.1.1' ],
18 silly audit   'react-input-mask': [ '2.0.4' ],
18 silly audit   'react-is': [ '16.13.1' ],
18 silly audit   'react-lifecycles-compat': [ '3.0.4' ],
18 silly audit   'react-modal': [ '3.16.1' ],
18 silly audit   'react-router': [ '6.23.1' ],
18 silly audit   'react-router-dom': [ '6.23.1' ],
18 silly audit   'react-text-mask': [ '5.5.0' ],
18 silly audit   'reflect.getprototypeof': [ '1.0.6' ],
18 silly audit   'regenerator-runtime': [ '0.14.1' ],
18 silly audit   'regexp.prototype.flags': [ '1.5.2' ],
18 silly audit   'remove-accents': [ '0.5.0' ],
18 silly audit   'resolve-from': [ '4.0.0' ],
18 silly audit   reusify: [ '1.0.4' ],
18 silly audit   rimraf: [ '3.0.2' ],
18 silly audit   rollup: [ '4.17.2' ],
18 silly audit   'run-parallel': [ '1.2.0' ],
18 silly audit   'safe-array-concat': [ '1.1.2' ],
18 silly audit   'safe-regex-test': [ '1.0.3' ],
18 silly audit   scheduler: [ '0.23.2' ],
18 silly audit   semver: [ '6.3.1' ],
18 silly audit   'set-function-length': [ '1.2.2' ],
18 silly audit   'set-function-name': [ '2.0.2' ],
18 silly audit   shallowequal: [ '1.1.0' ],
18 silly audit   'shebang-command': [ '2.0.0' ],
18 silly audit   'shebang-regex': [ '3.0.0' ],
18 silly audit   'side-channel': [ '1.0.6' ],
18 silly audit   'sort-by': [ '1.2.0' ],
18 silly audit   'source-map': [ '0.5.7' ],
18 silly audit   'source-map-js': [ '1.2.0' ],
18 silly audit   'string.prototype.matchall': [ '4.0.11' ],
18 silly audit   'string.prototype.trim': [ '1.2.9' ],
18 silly audit   'string.prototype.trimend': [ '1.0.8' ],
18 silly audit   'string.prototype.trimstart': [ '1.0.8' ],
18 silly audit   'strip-ansi': [ '6.0.1' ],
18 silly audit   'strip-json-comments': [ '3.1.1' ],
18 silly audit   'styled-components': [ '6.1.11' ],
18 silly audit   'supports-preserve-symlinks-flag': [ '1.0.0' ],
18 silly audit   'text-table': [ '0.2.0' ],
18 silly audit   'tiny-case': [ '1.0.3' ],
18 silly audit   'tiny-warning': [ '1.0.3' ],
18 silly audit   'to-fast-properties': [ '2.0.0' ],
18 silly audit   toposort: [ '2.0.2' ],
18 silly audit   tslib: [ '2.6.2' ],
18 silly audit   'type-check': [ '0.4.0' ],
18 silly audit   'type-fest': [ '0.20.2', '2.19.0' ],
18 silly audit   'typed-array-buffer': [ '1.0.2' ],
18 silly audit   'typed-array-byte-length': [ '1.0.1' ],
18 silly audit   'typed-array-byte-offset': [ '1.0.2' ],
18 silly audit   'typed-array-length': [ '1.0.6' ],
18 silly audit   typescript: [ '5.4.5' ],
18 silly audit   'unbox-primitive': [ '1.0.2' ],
18 silly audit   'update-browserslist-db': [ '1.0.15' ],
18 silly audit   'uri-js': [ '4.4.1' ],
18 silly audit   vary: [ '1.1.2' ],
18 silly audit   vite: [ '5.2.11' ],
18 silly audit   'void-elements': [ '3.1.0' ],
18 silly audit   warning: [ '4.0.3' ],
18 silly audit   which: [ '2.0.2' ],
18 silly audit   'which-boxed-primitive': [ '1.0.2' ],
18 silly audit   'which-builtin-type': [ '1.1.3' ],
18 silly audit   'which-collection': [ '1.0.2' ],
18 silly audit   'which-typed-array': [ '1.1.15' ],
18 silly audit   'word-wrap': [ '1.2.5' ],
18 silly audit   wrappy: [ '1.0.2' ],
18 silly audit   yallist: [ '3.1.1' ],
18 silly audit   yaml: [ '1.10.2' ],
18 silly audit   'yocto-queue': [ '0.1.0' ],
18 silly audit   yup: [ '1.4.0' ],
18 silly audit   swiper: [ '11.1.14' ]
18 silly audit }
19 verbose reify failed optional dependency C:\Users\JuanR\Downloads\Common-League-16f2336508bf29e28351de10a55e68d0318b74e0\Common-League-16f2336508bf29e28351de10a55e68d0318b74e0\node_modules\fsevents
20 silly reify mark deleted [
20 silly reify   'C:\\Users\\JuanR\\Downloads\\Common-League-16f2336508bf29e28351de10a55e68d0318b74e0\\Common-League-16f2336508bf29e28351de10a55e68d0318b74e0\\node_modules\\fsevents'
20 silly reify ]
21 verbose reify failed optional dependency C:\Users\JuanR\Downloads\Common-League-16f2336508bf29e28351de10a55e68d0318b74e0\Common-League-16f2336508bf29e28351de10a55e68d0318b74e0\node_modules\@rollup\rollup-win32-ia32-msvc
22 silly reify mark deleted [
22 silly reify   'C:\\Users\\JuanR\\Downloads\\Common-League-16f2336508bf29e28351de10a55e68d0318b74e0\\Common-League-16f2336508bf29e28351de10a55e68d0318b74e0\\node_modules\\@rollup\\rollup-win32-ia32-msvc'
22 silly reify ]
23 verbose reify failed optional dependency C:\Users\JuanR\Downloads\Common-League-16f2336508bf29e28351de10a55e68d0318b74e0\Common-League-16f2336508bf29e28351de10a55e68d0318b74e0\node_modules\@rollup\rollup-win32-arm64-msvc
24 silly reify mark deleted [
24 silly reify   'C:\\Users\\JuanR\\Downloads\\Common-League-16f2336508bf29e28351de10a55e68d0318b74e0\\Common-League-16f2336508bf29e28351de10a55e68d0318b74e0\\node_modules\\@rollup\\rollup-win32-arm64-msvc'
24 silly reify ]
25 verbose reify failed optional dependency C:\Users\JuanR\Downloads\Common-League-16f2336508bf29e28351de10a55e68d0318b74e0\Common-League-16f2336508bf29e28351de10a55e68d0318b74e0\node_modules\@rollup\rollup-linux-x64-musl
26 silly reify mark deleted [
26 silly reify   'C:\\Users\\JuanR\\Downloads\\Common-League-16f2336508bf29e28351de10a55e68d0318b74e0\\Common-League-16f2336508bf29e28351de10a55e68d0318b74e0\\node_modules\\@rollup\\rollup-linux-x64-musl'
26 silly reify ]
27 verbose reify failed optional dependency C:\Users\JuanR\Downloads\Common-League-16f2336508bf29e28351de10a55e68d0318b74e0\Common-League-16f2336508bf29e28351de10a55e68d0318b74e0\node_modules\@rollup\rollup-linux-x64-gnu
28 silly reify mark deleted [
28 silly reify   'C:\\Users\\JuanR\\Downloads\\Common-League-16f2336508bf29e28351de10a55e68d0318b74e0\\Common-League-16f2336508bf29e28351de10a55e68d0318b74e0\\node_modules\\@rollup\\rollup-linux-x64-gnu'
28 silly reify ]
29 verbose reify failed optional dependency C:\Users\JuanR\Downloads\Common-League-16f2336508bf29e28351de10a55e68d0318b74e0\Common-League-16f2336508bf29e28351de10a55e68d0318b74e0\node_modules\@rollup\rollup-linux-s390x-gnu
30 silly reify mark deleted [
30 silly reify   'C:\\Users\\JuanR\\Downloads\\Common-League-16f2336508bf29e28351de10a55e68d0318b74e0\\Common-League-16f2336508bf29e28351de10a55e68d0318b74e0\\node_modules\\@rollup\\rollup-linux-s390x-gnu'
30 silly reify ]
31 verbose reify failed optional dependency C:\Users\JuanR\Downloads\Common-League-16f2336508bf29e28351de10a55e68d0318b74e0\Common-League-16f2336508bf29e28351de10a55e68d0318b74e0\node_modules\@rollup\rollup-linux-riscv64-gnu
32 silly reify mark deleted [
32 silly reify   'C:\\Users\\JuanR\\Downloads\\Common-League-16f2336508bf29e28351de10a55e68d0318b74e0\\Common-League-16f2336508bf29e28351de10a55e68d0318b74e0\\node_modules\\@rollup\\rollup-linux-riscv64-gnu'
32 silly reify ]
33 verbose reify failed optional dependency C:\Users\JuanR\Downloads\Common-League-16f2336508bf29e28351de10a55e68d0318b74e0\Common-League-16f2336508bf29e28351de10a55e68d0318b74e0\node_modules\@rollup\rollup-linux-powerpc64le-gnu
34 silly reify mark deleted [
34 silly reify   'C:\\Users\\JuanR\\Downloads\\Common-League-16f2336508bf29e28351de10a55e68d0318b74e0\\Common-League-16f2336508bf29e28351de10a55e68d0318b74e0\\node_modules\\@rollup\\rollup-linux-powerpc64le-gnu'
34 silly reify ]
35 verbose reify failed optional dependency C:\Users\JuanR\Downloads\Common-League-16f2336508bf29e28351de10a55e68d0318b74e0\Common-League-16f2336508bf29e28351de10a55e68d0318b74e0\node_modules\@rollup\rollup-linux-arm64-musl
36 silly reify mark deleted [
36 silly reify   'C:\\Users\\JuanR\\Downloads\\Common-League-16f2336508bf29e28351de10a55e68d0318b74e0\\Common-League-16f2336508bf29e28351de10a55e68d0318b74e0\\node_modules\\@rollup\\rollup-linux-arm64-musl'
36 silly reify ]
37 verbose reify failed optional dependency C:\Users\JuanR\Downloads\Common-League-16f2336508bf29e28351de10a55e68d0318b74e0\Common-League-16f2336508bf29e28351de10a55e68d0318b74e0\node_modules\@rollup\rollup-linux-arm64-gnu
38 silly reify mark deleted [
38 silly reify   'C:\\Users\\JuanR\\Downloads\\Common-League-16f2336508bf29e28351de10a55e68d0318b74e0\\Common-League-16f2336508bf29e28351de10a55e68d0318b74e0\\node_modules\\@rollup\\rollup-linux-arm64-gnu'
38 silly reify ]
39 verbose reify failed optional dependency C:\Users\JuanR\Downloads\Common-League-16f2336508bf29e28351de10a55e68d0318b74e0\Common-League-16f2336508bf29e28351de10a55e68d0318b74e0\node_modules\@rollup\rollup-linux-arm-musleabihf
40 silly reify mark deleted [
40 silly reify   'C:\\Users\\JuanR\\Downloads\\Common-League-16f2336508bf29e28351de10a55e68d0318b74e0\\Common-League-16f2336508bf29e28351de10a55e68d0318b74e0\\node_modules\\@rollup\\rollup-linux-arm-musleabihf'
40 silly reify ]
41 verbose reify failed optional dependency C:\Users\JuanR\Downloads\Common-League-16f2336508bf29e28351de10a55e68d0318b74e0\Common-League-16f2336508bf29e28351de10a55e68d0318b74e0\node_modules\@rollup\rollup-linux-arm-gnueabihf
42 silly reify mark deleted [
42 silly reify   'C:\\Users\\JuanR\\Downloads\\Common-League-16f2336508bf29e28351de10a55e68d0318b74e0\\Common-League-16f2336508bf29e28351de10a55e68d0318b74e0\\node_modules\\@rollup\\rollup-linux-arm-gnueabihf'
42 silly reify ]
43 verbose reify failed optional dependency C:\Users\JuanR\Downloads\Common-League-16f2336508bf29e28351de10a55e68d0318b74e0\Common-League-16f2336508bf29e28351de10a55e68d0318b74e0\node_modules\@rollup\rollup-darwin-x64
44 silly reify mark deleted [
44 silly reify   'C:\\Users\\JuanR\\Downloads\\Common-League-16f2336508bf29e28351de10a55e68d0318b74e0\\Common-League-16f2336508bf29e28351de10a55e68d0318b74e0\\node_modules\\@rollup\\rollup-darwin-x64'
44 silly reify ]
45 verbose reify failed optional dependency C:\Users\JuanR\Downloads\Common-League-16f2336508bf29e28351de10a55e68d0318b74e0\Common-League-16f2336508bf29e28351de10a55e68d0318b74e0\node_modules\@rollup\rollup-darwin-arm64
46 silly reify mark deleted [
46 silly reify   'C:\\Users\\JuanR\\Downloads\\Common-League-16f2336508bf29e28351de10a55e68d0318b74e0\\Common-League-16f2336508bf29e28351de10a55e68d0318b74e0\\node_modules\\@rollup\\rollup-darwin-arm64'
46 silly reify ]
47 verbose reify failed optional dependency C:\Users\JuanR\Downloads\Common-League-16f2336508bf29e28351de10a55e68d0318b74e0\Common-League-16f2336508bf29e28351de10a55e68d0318b74e0\node_modules\@rollup\rollup-android-arm64
48 silly reify mark deleted [
48 silly reify   'C:\\Users\\JuanR\\Downloads\\Common-League-16f2336508bf29e28351de10a55e68d0318b74e0\\Common-League-16f2336508bf29e28351de10a55e68d0318b74e0\\node_modules\\@rollup\\rollup-android-arm64'
48 silly reify ]
49 verbose reify failed optional dependency C:\Users\JuanR\Downloads\Common-League-16f2336508bf29e28351de10a55e68d0318b74e0\Common-League-16f2336508bf29e28351de10a55e68d0318b74e0\node_modules\@rollup\rollup-android-arm-eabi
50 silly reify mark deleted [
50 silly reify   'C:\\Users\\JuanR\\Downloads\\Common-League-16f2336508bf29e28351de10a55e68d0318b74e0\\Common-League-16f2336508bf29e28351de10a55e68d0318b74e0\\node_modules\\@rollup\\rollup-android-arm-eabi'
50 silly reify ]
51 verbose reify failed optional dependency C:\Users\JuanR\Downloads\Common-League-16f2336508bf29e28351de10a55e68d0318b74e0\Common-League-16f2336508bf29e28351de10a55e68d0318b74e0\node_modules\@esbuild\win32-ia32
52 silly reify mark deleted [
52 silly reify   'C:\\Users\\JuanR\\Downloads\\Common-League-16f2336508bf29e28351de10a55e68d0318b74e0\\Common-League-16f2336508bf29e28351de10a55e68d0318b74e0\\node_modules\\@esbuild\\win32-ia32'
52 silly reify ]
53 verbose reify failed optional dependency C:\Users\JuanR\Downloads\Common-League-16f2336508bf29e28351de10a55e68d0318b74e0\Common-League-16f2336508bf29e28351de10a55e68d0318b74e0\node_modules\@esbuild\win32-arm64
54 silly reify mark deleted [
54 silly reify   'C:\\Users\\JuanR\\Downloads\\Common-League-16f2336508bf29e28351de10a55e68d0318b74e0\\Common-League-16f2336508bf29e28351de10a55e68d0318b74e0\\node_modules\\@esbuild\\win32-arm64'
54 silly reify ]
55 verbose reify failed optional dependency C:\Users\JuanR\Downloads\Common-League-16f2336508bf29e28351de10a55e68d0318b74e0\Common-League-16f2336508bf29e28351de10a55e68d0318b74e0\node_modules\@esbuild\sunos-x64
56 silly reify mark deleted [
56 silly reify   'C:\\Users\\JuanR\\Downloads\\Common-League-16f2336508bf29e28351de10a55e68d0318b74e0\\Common-League-16f2336508bf29e28351de10a55e68d0318b74e0\\node_modules\\@esbuild\\sunos-x64'
56 silly reify ]
57 verbose reify failed optional dependency C:\Users\JuanR\Downloads\Common-League-16f2336508bf29e28351de10a55e68d0318b74e0\Common-League-16f2336508bf29e28351de10a55e68d0318b74e0\node_modules\@esbuild\openbsd-x64
58 silly reify mark deleted [
58 silly reify   'C:\\Users\\JuanR\\Downloads\\Common-League-16f2336508bf29e28351de10a55e68d0318b74e0\\Common-League-16f2336508bf29e28351de10a55e68d0318b74e0\\node_modules\\@esbuild\\openbsd-x64'
58 silly reify ]
59 verbose reify failed optional dependency C:\Users\JuanR\Downloads\Common-League-16f2336508bf29e28351de10a55e68d0318b74e0\Common-League-16f2336508bf29e28351de10a55e68d0318b74e0\node_modules\@esbuild\netbsd-x64
60 silly reify mark deleted [
60 silly reify   'C:\\Users\\JuanR\\Downloads\\Common-League-16f2336508bf29e28351de10a55e68d0318b74e0\\Common-League-16f2336508bf29e28351de10a55e68d0318b74e0\\node_modules\\@esbuild\\netbsd-x64'
60 silly reify ]
61 verbose reify failed optional dependency C:\Users\JuanR\Downloads\Common-League-16f2336508bf29e28351de10a55e68d0318b74e0\Common-League-16f2336508bf29e28351de10a55e68d0318b74e0\node_modules\@esbuild\linux-x64
62 silly reify mark deleted [
62 silly reify   'C:\\Users\\JuanR\\Downloads\\Common-League-16f2336508bf29e28351de10a55e68d0318b74e0\\Common-League-16f2336508bf29e28351de10a55e68d0318b74e0\\node_modules\\@esbuild\\linux-x64'
62 silly reify ]
63 verbose reify failed optional dependency C:\Users\JuanR\Downloads\Common-League-16f2336508bf29e28351de10a55e68d0318b74e0\Common-League-16f2336508bf29e28351de10a55e68d0318b74e0\node_modules\@esbuild\linux-s390x
64 silly reify mark deleted [
64 silly reify   'C:\\Users\\JuanR\\Downloads\\Common-League-16f2336508bf29e28351de10a55e68d0318b74e0\\Common-League-16f2336508bf29e28351de10a55e68d0318b74e0\\node_modules\\@esbuild\\linux-s390x'
64 silly reify ]
65 verbose reify failed optional dependency C:\Users\JuanR\Downloads\Common-League-16f2336508bf29e28351de10a55e68d0318b74e0\Common-League-16f2336508bf29e28351de10a55e68d0318b74e0\node_modules\@esbuild\linux-riscv64
66 silly reify mark deleted [
66 silly reify   'C:\\Users\\JuanR\\Downloads\\Common-League-16f2336508bf29e28351de10a55e68d0318b74e0\\Common-League-16f2336508bf29e28351de10a55e68d0318b74e0\\node_modules\\@esbuild\\linux-riscv64'
66 silly reify ]
67 verbose reify failed optional dependency C:\Users\JuanR\Downloads\Common-League-16f2336508bf29e28351de10a55e68d0318b74e0\Common-League-16f2336508bf29e28351de10a55e68d0318b74e0\node_modules\@esbuild\linux-ppc64
68 silly reify mark deleted [
68 silly reify   'C:\\Users\\JuanR\\Downloads\\Common-League-16f2336508bf29e28351de10a55e68d0318b74e0\\Common-League-16f2336508bf29e28351de10a55e68d0318b74e0\\node_modules\\@esbuild\\linux-ppc64'
68 silly reify ]
69 verbose reify failed optional dependency C:\Users\JuanR\Downloads\Common-League-16f2336508bf29e28351de10a55e68d0318b74e0\Common-League-16f2336508bf29e28351de10a55e68d0318b74e0\node_modules\@esbuild\linux-mips64el
70 silly reify mark deleted [
70 silly reify   'C:\\Users\\JuanR\\Downloads\\Common-League-16f2336508bf29e28351de10a55e68d0318b74e0\\Common-League-16f2336508bf29e28351de10a55e68d0318b74e0\\node_modules\\@esbuild\\linux-mips64el'
70 silly reify ]
71 verbose reify failed optional dependency C:\Users\JuanR\Downloads\Common-League-16f2336508bf29e28351de10a55e68d0318b74e0\Common-League-16f2336508bf29e28351de10a55e68d0318b74e0\node_modules\@esbuild\linux-loong64
72 silly reify mark deleted [
72 silly reify   'C:\\Users\\JuanR\\Downloads\\Common-League-16f2336508bf29e28351de10a55e68d0318b74e0\\Common-League-16f2336508bf29e28351de10a55e68d0318b74e0\\node_modules\\@esbuild\\linux-loong64'
72 silly reify ]
73 verbose reify failed optional dependency C:\Users\JuanR\Downloads\Common-League-16f2336508bf29e28351de10a55e68d0318b74e0\Common-League-16f2336508bf29e28351de10a55e68d0318b74e0\node_modules\@esbuild\linux-ia32
74 silly reify mark deleted [
74 silly reify   'C:\\Users\\JuanR\\Downloads\\Common-League-16f2336508bf29e28351de10a55e68d0318b74e0\\Common-League-16f2336508bf29e28351de10a55e68d0318b74e0\\node_modules\\@esbuild\\linux-ia32'
74 silly reify ]
75 verbose reify failed optional dependency C:\Users\JuanR\Downloads\Common-League-16f2336508bf29e28351de10a55e68d0318b74e0\Common-League-16f2336508bf29e28351de10a55e68d0318b74e0\node_modules\@esbuild\linux-arm64
76 silly reify mark deleted [
76 silly reify   'C:\\Users\\JuanR\\Downloads\\Common-League-16f2336508bf29e28351de10a55e68d0318b74e0\\Common-League-16f2336508bf29e28351de10a55e68d0318b74e0\\node_modules\\@esbuild\\linux-arm64'
76 silly reify ]
77 verbose reify failed optional dependency C:\Users\JuanR\Downloads\Common-League-16f2336508bf29e28351de10a55e68d0318b74e0\Common-League-16f2336508bf29e28351de10a55e68d0318b74e0\node_modules\@esbuild\linux-arm
78 silly reify mark deleted [
78 silly reify   'C:\\Users\\JuanR\\Downloads\\Common-League-16f2336508bf29e28351de10a55e68d0318b74e0\\Common-League-16f2336508bf29e28351de10a55e68d0318b74e0\\node_modules\\@esbuild\\linux-arm'
78 silly reify ]
79 verbose reify failed optional dependency C:\Users\JuanR\Downloads\Common-League-16f2336508bf29e28351de10a55e68d0318b74e0\Common-League-16f2336508bf29e28351de10a55e68d0318b74e0\node_modules\@esbuild\freebsd-x64
80 silly reify mark deleted [
80 silly reify   'C:\\Users\\JuanR\\Downloads\\Common-League-16f2336508bf29e28351de10a55e68d0318b74e0\\Common-League-16f2336508bf29e28351de10a55e68d0318b74e0\\node_modules\\@esbuild\\freebsd-x64'
80 silly reify ]
81 verbose reify failed optional dependency C:\Users\JuanR\Downloads\Common-League-16f2336508bf29e28351de10a55e68d0318b74e0\Common-League-16f2336508bf29e28351de10a55e68d0318b74e0\node_modules\@esbuild\freebsd-arm64
82 silly reify mark deleted [
82 silly reify   'C:\\Users\\JuanR\\Downloads\\Common-League-16f2336508bf29e28351de10a55e68d0318b74e0\\Common-League-16f2336508bf29e28351de10a55e68d0318b74e0\\node_modules\\@esbuild\\freebsd-arm64'
82 silly reify ]
83 verbose reify failed optional dependency C:\Users\JuanR\Downloads\Common-League-16f2336508bf29e28351de10a55e68d0318b74e0\Common-League-16f2336508bf29e28351de10a55e68d0318b74e0\node_modules\@esbuild\darwin-x64
84 silly reify mark deleted [
84 silly reify   'C:\\Users\\JuanR\\Downloads\\Common-League-16f2336508bf29e28351de10a55e68d0318b74e0\\Common-League-16f2336508bf29e28351de10a55e68d0318b74e0\\node_modules\\@esbuild\\darwin-x64'
84 silly reify ]
85 verbose reify failed optional dependency C:\Users\JuanR\Downloads\Common-League-16f2336508bf29e28351de10a55e68d0318b74e0\Common-League-16f2336508bf29e28351de10a55e68d0318b74e0\node_modules\@esbuild\darwin-arm64
86 silly reify mark deleted [
86 silly reify   'C:\\Users\\JuanR\\Downloads\\Common-League-16f2336508bf29e28351de10a55e68d0318b74e0\\Common-League-16f2336508bf29e28351de10a55e68d0318b74e0\\node_modules\\@esbuild\\darwin-arm64'
86 silly reify ]
87 verbose reify failed optional dependency C:\Users\JuanR\Downloads\Common-League-16f2336508bf29e28351de10a55e68d0318b74e0\Common-League-16f2336508bf29e28351de10a55e68d0318b74e0\node_modules\@esbuild\android-x64
88 silly reify mark deleted [
88 silly reify   'C:\\Users\\JuanR\\Downloads\\Common-League-16f2336508bf29e28351de10a55e68d0318b74e0\\Common-League-16f2336508bf29e28351de10a55e68d0318b74e0\\node_modules\\@esbuild\\android-x64'
88 silly reify ]
89 verbose reify failed optional dependency C:\Users\JuanR\Downloads\Common-League-16f2336508bf29e28351de10a55e68d0318b74e0\Common-League-16f2336508bf29e28351de10a55e68d0318b74e0\node_modules\@esbuild\android-arm64
90 silly reify mark deleted [
90 silly reify   'C:\\Users\\JuanR\\Downloads\\Common-League-16f2336508bf29e28351de10a55e68d0318b74e0\\Common-League-16f2336508bf29e28351de10a55e68d0318b74e0\\node_modules\\@esbuild\\android-arm64'
90 silly reify ]
91 verbose reify failed optional dependency C:\Users\JuanR\Downloads\Common-League-16f2336508bf29e28351de10a55e68d0318b74e0\Common-League-16f2336508bf29e28351de10a55e68d0318b74e0\node_modules\@esbuild\android-arm
92 silly reify mark deleted [
92 silly reify   'C:\\Users\\JuanR\\Downloads\\Common-League-16f2336508bf29e28351de10a55e68d0318b74e0\\Common-League-16f2336508bf29e28351de10a55e68d0318b74e0\\node_modules\\@esbuild\\android-arm'
92 silly reify ]
93 verbose reify failed optional dependency C:\Users\JuanR\Downloads\Common-League-16f2336508bf29e28351de10a55e68d0318b74e0\Common-League-16f2336508bf29e28351de10a55e68d0318b74e0\node_modules\@esbuild\aix-ppc64
94 silly reify mark deleted [
94 silly reify   'C:\\Users\\JuanR\\Downloads\\Common-League-16f2336508bf29e28351de10a55e68d0318b74e0\\Common-League-16f2336508bf29e28351de10a55e68d0318b74e0\\node_modules\\@esbuild\\aix-ppc64'
94 silly reify ]
95 http fetch POST 200 https://registry.npmjs.org/-/npm/v1/security/advisories/bulk 927ms
96 silly audit report {
96 silly audit report   axios: [
96 silly audit report     {
96 silly audit report       id: 1098583,
96 silly audit report       url: 'https://github.com/advisories/GHSA-8hc4-vh64-cxmj',
96 silly audit report       title: 'Server-Side Request Forgery in axios',
96 silly audit report       severity: 'high',
96 silly audit report       vulnerable_versions: '>=1.3.2 <=1.7.3',
96 silly audit report       cwe: [Array],
96 silly audit report       cvss: [Object]
96 silly audit report     }
96 silly audit report   ],
96 silly audit report   'object-path': [
96 silly audit report     {
96 silly audit report       id: 1093573,
96 silly audit report       url: 'https://github.com/advisories/GHSA-v39p-96qg-c8rf',
96 silly audit report       title: 'Prototype Pollution in object-path',
96 silly audit report       severity: 'moderate',
96 silly audit report       vulnerable_versions: '<0.11.6',
96 silly audit report       cwe: [Array],
96 silly audit report       cvss: [Object]
96 silly audit report     },
96 silly audit report     {
96 silly audit report       id: 1095139,
96 silly audit report       url: 'https://github.com/advisories/GHSA-cwx2-736x-mf6w',
96 silly audit report       title: 'Prototype pollution in object-path',
96 silly audit report       severity: 'high',
96 silly audit report       vulnerable_versions: '<0.11.5',
96 silly audit report       cwe: [Array],
96 silly audit report       cvss: [Object]
96 silly audit report     },
96 silly audit report     {
96 silly audit report       id: 1095140,
96 silly audit report       url: 'https://github.com/advisories/GHSA-8v63-cqqc-6r2c',
96 silly audit report       title: 'Prototype Pollution in object-path',
96 silly audit report       severity: 'high',
96 silly audit report       vulnerable_versions: '<0.11.8',
96 silly audit report       cwe: [Array],
96 silly audit report       cvss: [Object]
96 silly audit report     }
96 silly audit report   ],
96 silly audit report   rollup: [
96 silly audit report     {
96 silly audit report       id: 1099717,
96 silly audit report       url: 'https://github.com/advisories/GHSA-gcx4-mw62-g8wm',
96 silly audit report       title: 'DOM Clobbering Gadget found in rollup bundled scripts that leads to XSS',
96 silly audit report       severity: 'high',
96 silly audit report       vulnerable_versions: '>=4.0.0 <4.22.4',
96 silly audit report       cwe: [Array],
96 silly audit report       cvss: [Object]
96 silly audit report     }
96 silly audit report   ],
96 silly audit report   vite: [
96 silly audit report     {
96 silly audit report       id: 1099688,
96 silly audit report       url: 'https://github.com/advisories/GHSA-9cwx-2883-4wfx',
96 silly audit report       title: "Vite's `server.fs.deny` is bypassed when using `?import&raw`",
96 silly audit report       severity: 'moderate',
96 silly audit report       vulnerable_versions: '>=5.2.0 <5.2.14',
96 silly audit report       cwe: [Array],
96 silly audit report       cvss: [Object]
96 silly audit report     },
96 silly audit report     {
96 silly audit report       id: 1099691,
96 silly audit report       url: 'https://github.com/advisories/GHSA-64vr-g452-qvp3',
96 silly audit report       title: 'Vite DOM Clobbering gadget found in vite bundled scripts that leads to XSS',
96 silly audit report       severity: 'moderate',
96 silly audit report       vulnerable_versions: '>=5.2.0 <5.2.14',
96 silly audit report       cwe: [Array],
96 silly audit report       cvss: [Object]
96 silly audit report     }
96 silly audit report   ]
96 silly audit report }
97 http fetch GET 200 https://registry.npmjs.org/rollup 34ms (cache hit)
98 http fetch GET 200 https://registry.npmjs.org/vite 72ms (cache hit)
99 http fetch GET 200 https://registry.npmjs.org/object-path 112ms (cache hit)
100 http fetch GET 200 https://registry.npmjs.org/axios 114ms (cache hit)
101 http fetch GET 200 https://registry.npmjs.org/sort-by 13ms (cache hit)
102 http fetch GET 200 https://registry.npmjs.org/@vitejs%2fplugin-react 71ms (cache hit)
103 silly ADD
104 silly ADD
105 silly ADD
106 silly ADD
107 silly ADD
108 silly ADD
109 silly ADD
110 silly ADD
111 silly ADD
112 silly ADD
113 silly ADD
114 silly ADD
115 silly ADD
116 silly ADD
117 silly ADD
118 silly ADD
119 silly ADD
120 silly ADD
121 silly ADD
122 silly ADD
123 silly ADD
124 silly ADD
125 silly ADD
126 silly ADD
127 silly ADD
128 silly ADD
129 silly ADD
130 silly ADD
131 silly ADD
132 silly ADD
133 silly ADD
134 silly ADD
135 silly ADD
136 silly ADD
137 silly ADD
138 silly ADD
139 silly ADD
140 silly ADD
141 verbose exit 0
142 info ok
