0 verbose cli C:\Program Files\nodejs\node.exe C:\Users\JuanR\AppData\Roaming\npm\node_modules\npm\bin\npm-cli.js
1 info using npm@10.7.0
2 info using node@v21.5.0
3 silly config:load:file:C:\Users\JuanR\AppData\Roaming\npm\node_modules\npm\npmrc
4 silly config:load:file:C:\Users\JuanR\Downloads\Common-League-Prod\.npmrc
5 silly config:load:file:C:\Users\JuanR\.npmrc
6 silly config:load:file:C:\Users\JuanR\AppData\Roaming\npm\etc\npmrc
7 verbose title npm ci
8 verbose argv "ci"
9 verbose logfile logs-max:10 dir:C:\Users\JuanR\Downloads\Common-League-Prod\UsersJuanRAppDataRoamingnpm-cache\_logs\2024-09-25T14_36_19_358Z-
10 verbose logfile C:\Users\JuanR\Downloads\Common-League-Prod\UsersJuanRAppDataRoamingnpm-cache\_logs\2024-09-25T14_36_19_358Z-debug-0.log
11 silly logfile start cleaning logs, removing 2 files
12 silly logfile done cleaning log files
13 silly idealTree buildDeps
14 verbose stack Error: EPERM: operation not permitted, unlink 'C:\Users\JuanR\Downloads\Common-League-Prod\node_modules\@esbuild\win32-x64\esbuild.exe'
15 verbose cwd C:\Users\JuanR\Downloads\Common-League-Prod
16 verbose Windows_NT 10.0.19045
17 verbose node v21.5.0
18 verbose npm  v10.7.0
19 error code EPERM
20 error syscall unlink
21 error path C:\Users\JuanR\Downloads\Common-League-Prod\node_modules\@esbuild\win32-x64\esbuild.exe
22 error errno -4048
23 error [Error: EPERM: operation not permitted, unlink 'C:\Users\JuanR\Downloads\Common-League-Prod\node_modules\@esbuild\win32-x64\esbuild.exe'] {
23 error   errno: -4048,
23 error   code: 'EPERM',
23 error   syscall: 'unlink',
23 error   path: 'C:\\Users\\JuanR\\Downloads\\Common-League-Prod\\node_modules\\@esbuild\\win32-x64\\esbuild.exe'
23 error }
24 error
24 error The operation was rejected by your operating system.
24 error It's possible that the file was already in use (by a text editor or antivirus),
24 error or that you lack permissions to access it.
24 error
24 error If you believe this might be a permissions issue, please double-check the
24 error permissions of the file and its containing directories, or try running
24 error the command again as root/Administrator.
25 verbose exit -4048
26 verbose code -4048
27 error A complete log of this run can be found in: C:\Users\JuanR\Downloads\Common-League-Prod\UsersJuanRAppDataRoamingnpm-cache\_logs\2024-09-25T14_36_19_358Z-debug-0.log
